{"/home/travis/build/npmtest/node-npmtest-nuxt/test.js":{"path":"/home/travis/build/npmtest/node-npmtest-nuxt/test.js","s":{"1":2,"2":2,"3":2,"4":2,"5":2,"6":2,"7":2,"8":1,"9":2,"10":2,"11":1,"12":1,"13":1,"14":1,"15":2,"16":2,"17":2,"18":2,"19":1,"20":1,"21":2,"22":2,"23":2,"24":1,"25":1,"26":1,"27":1,"28":1,"29":1,"30":1,"31":1,"32":1,"33":1,"34":1,"35":1,"36":1,"37":1,"38":1,"39":2,"40":2,"41":1,"42":2,"43":2,"44":1,"45":2,"46":2,"47":1,"48":2,"49":2,"50":1,"51":1,"52":1,"53":1,"54":1},"b":{"1":[2,1,1,1],"2":[1,1,1,1],"3":[1,1],"4":[1,1],"5":[1,1],"6":[1,1],"7":[1,1],"8":[1,1],"9":[1,1],"10":[1,1,1],"11":[1,1],"12":[1,1],"13":[1,1],"14":[1,1],"15":[1,1],"16":[1,1],"17":[1,1]},"f":{"1":2,"2":2,"3":2,"4":2,"5":2,"6":1,"7":1,"8":1,"9":2,"10":2,"11":2,"12":2,"13":1},"fnMap":{"1":{"name":"(anonymous_1)","line":12,"loc":{"start":{"line":12,"column":1},"end":{"line":12,"column":13}}},"2":{"name":"(anonymous_2)","line":19,"loc":{"start":{"line":19,"column":5},"end":{"line":19,"column":17}}},"3":{"name":"(anonymous_3)","line":23,"loc":{"start":{"line":23,"column":24},"end":{"line":23,"column":36}}},"4":{"name":"(anonymous_4)","line":61,"loc":{"start":{"line":61,"column":5},"end":{"line":61,"column":17}}},"5":{"name":"(anonymous_5)","line":82,"loc":{"start":{"line":82,"column":5},"end":{"line":82,"column":17}}},"6":{"name":"(anonymous_6)","line":91,"loc":{"start":{"line":91,"column":77},"end":{"line":94,"column":10}}},"7":{"name":"(anonymous_7)","line":112,"loc":{"start":{"line":112,"column":83},"end":{"line":115,"column":10}},"skip":true},"8":{"name":"(anonymous_8)","line":123,"loc":{"start":{"line":123,"column":77},"end":{"line":126,"column":10}},"skip":true},"9":{"name":"(anonymous_9)","line":139,"loc":{"start":{"line":139,"column":12},"end":{"line":139,"column":40}},"skip":true},"10":{"name":"(anonymous_10)","line":147,"loc":{"start":{"line":147,"column":77},"end":{"line":150,"column":10}},"skip":true},"11":{"name":"(anonymous_11)","line":158,"loc":{"start":{"line":158,"column":83},"end":{"line":161,"column":10}},"skip":true},"12":{"name":"(anonymous_12)","line":169,"loc":{"start":{"line":169,"column":79},"end":{"line":172,"column":10}},"skip":true},"13":{"name":"(anonymous_13)","line":180,"loc":{"start":{"line":180,"column":75},"end":{"line":183,"column":10}},"skip":true}},"statementMap":{"1":{"start":{"line":12,"column":0},"end":{"line":195,"column":5}},"2":{"start":{"line":14,"column":4},"end":{"line":14,"column":14}},"3":{"start":{"line":19,"column":4},"end":{"line":56,"column":9}},"4":{"start":{"line":21,"column":8},"end":{"line":21,"column":19}},"5":{"start":{"line":23,"column":8},"end":{"line":35,"column":13}},"6":{"start":{"line":24,"column":12},"end":{"line":34,"column":13}},"7":{"start":{"line":25,"column":16},"end":{"line":28,"column":30}},"8":{"start":{"line":30,"column":16},"end":{"line":33,"column":27}},"9":{"start":{"line":37,"column":8},"end":{"line":39,"column":21}},"10":{"start":{"line":40,"column":8},"end":{"line":53,"column":9}},"11":{"start":{"line":43,"column":12},"end":{"line":46,"column":14}},"12":{"start":{"line":47,"column":12},"end":{"line":47,"column":18}},"13":{"start":{"line":50,"column":12},"end":{"line":51,"column":33}},"14":{"start":{"line":52,"column":12},"end":{"line":52,"column":18}},"15":{"start":{"line":55,"column":8},"end":{"line":55,"column":35}},"16":{"start":{"line":61,"column":4},"end":{"line":63,"column":9}},"17":{"start":{"line":62,"column":8},"end":{"line":62,"column":15}},"18":{"start":{"line":64,"column":4},"end":{"line":77,"column":5}},"19":{"start":{"line":70,"column":8},"end":{"line":70,"column":14}},"20":{"start":{"line":76,"column":8},"end":{"line":76,"column":14}},"21":{"start":{"line":82,"column":4},"end":{"line":84,"column":9}},"22":{"start":{"line":83,"column":8},"end":{"line":83,"column":15}},"23":{"start":{"line":85,"column":4},"end":{"line":194,"column":5}},"24":{"start":{"line":91,"column":8},"end":{"line":99,"column":10}},"25":{"start":{"line":98,"column":12},"end":{"line":98,"column":35}},"26":{"start":{"line":102,"column":8},"end":{"line":104,"column":63}},"27":{"start":{"line":105,"column":8},"end":{"line":105,"column":14}},"28":{"start":{"line":112,"column":8},"end":{"line":121,"column":10},"skip":true},"29":{"start":{"line":119,"column":12},"end":{"line":119,"column":55},"skip":true},"30":{"start":{"line":120,"column":12},"end":{"line":120,"column":48},"skip":true},"31":{"start":{"line":123,"column":8},"end":{"line":136,"column":10},"skip":true},"32":{"start":{"line":130,"column":12},"end":{"line":130,"column":76},"skip":true},"33":{"start":{"line":131,"column":12},"end":{"line":131,"column":73},"skip":true},"34":{"start":{"line":132,"column":12},"end":{"line":132,"column":74},"skip":true},"35":{"start":{"line":133,"column":12},"end":{"line":133,"column":79},"skip":true},"36":{"start":{"line":134,"column":12},"end":{"line":134,"column":25},"skip":true},"37":{"start":{"line":135,"column":12},"end":{"line":135,"column":45},"skip":true},"38":{"start":{"line":138,"column":8},"end":{"line":145,"column":14},"skip":true},"39":{"start":{"line":143,"column":16},"end":{"line":143,"column":29},"skip":true},"40":{"start":{"line":144,"column":16},"end":{"line":144,"column":55},"skip":true},"41":{"start":{"line":147,"column":8},"end":{"line":156,"column":10},"skip":true},"42":{"start":{"line":154,"column":12},"end":{"line":154,"column":25},"skip":true},"43":{"start":{"line":155,"column":12},"end":{"line":155,"column":45},"skip":true},"44":{"start":{"line":158,"column":8},"end":{"line":167,"column":10},"skip":true},"45":{"start":{"line":165,"column":12},"end":{"line":165,"column":25},"skip":true},"46":{"start":{"line":166,"column":12},"end":{"line":166,"column":48},"skip":true},"47":{"start":{"line":169,"column":8},"end":{"line":178,"column":10},"skip":true},"48":{"start":{"line":176,"column":12},"end":{"line":176,"column":25},"skip":true},"49":{"start":{"line":177,"column":12},"end":{"line":177,"column":46},"skip":true},"50":{"start":{"line":180,"column":8},"end":{"line":189,"column":10},"skip":true},"51":{"start":{"line":187,"column":12},"end":{"line":187,"column":94},"skip":true},"52":{"start":{"line":188,"column":12},"end":{"line":188,"column":48},"skip":true},"53":{"start":{"line":192,"column":8},"end":{"line":192,"column":35},"skip":true},"54":{"start":{"line":193,"column":8},"end":{"line":193,"column":14},"skip":true}},"branchMap":{"1":{"line":25,"type":"binary-expr","locations":[{"start":{"line":25,"column":23},"end":{"line":25,"column":62}},{"start":{"line":26,"column":20},"end":{"line":26,"column":70}},{"start":{"line":27,"column":20},"end":{"line":27,"column":71}},{"start":{"line":28,"column":20},"end":{"line":28,"column":29}}]},"2":{"line":30,"type":"binary-expr","locations":[{"start":{"line":30,"column":23},"end":{"line":30,"column":37}},{"start":{"line":31,"column":20},"end":{"line":31,"column":61}},{"start":{"line":32,"column":20},"end":{"line":32,"column":70}},{"start":{"line":33,"column":20},"end":{"line":33,"column":26}}]},"3":{"line":37,"type":"cond-expr","locations":[{"start":{"line":38,"column":14},"end":{"line":38,"column":20}},{"start":{"line":39,"column":14},"end":{"line":39,"column":20}}]},"4":{"line":40,"type":"switch","locations":[{"start":{"line":42,"column":8},"end":{"line":47,"column":18}},{"start":{"line":49,"column":8},"end":{"line":52,"column":18}}]},"5":{"line":44,"type":"binary-expr","locations":[{"start":{"line":44,"column":16},"end":{"line":44,"column":44}},{"start":{"line":44,"column":48},"end":{"line":44,"column":66}}]},"6":{"line":50,"type":"binary-expr","locations":[{"start":{"line":50,"column":21},"end":{"line":50,"column":49}},{"start":{"line":50,"column":53},"end":{"line":50,"column":72}}]},"7":{"line":64,"type":"switch","locations":[{"start":{"line":69,"column":4},"end":{"line":70,"column":14}},{"start":{"line":75,"column":4},"end":{"line":76,"column":14}}]},"8":{"line":85,"type":"switch","locations":[{"start":{"line":90,"column":4},"end":{"line":105,"column":14}},{"start":{"line":111,"column":4},"end":{"line":193,"column":14},"skip":true}]},"9":{"line":91,"type":"binary-expr","locations":[{"start":{"line":91,"column":42},"end":{"line":91,"column":73}},{"start":{"line":91,"column":77},"end":{"line":99,"column":9}}]},"10":{"line":102,"type":"binary-expr","locations":[{"start":{"line":102,"column":18},"end":{"line":102,"column":32}},{"start":{"line":103,"column":12},"end":{"line":103,"column":53}},{"start":{"line":104,"column":12},"end":{"line":104,"column":61}}]},"11":{"line":112,"type":"binary-expr","locations":[{"start":{"line":112,"column":45},"end":{"line":112,"column":79},"skip":true},{"start":{"line":112,"column":83},"end":{"line":121,"column":9},"skip":true}]},"12":{"line":123,"type":"binary-expr","locations":[{"start":{"line":123,"column":42},"end":{"line":123,"column":73},"skip":true},{"start":{"line":123,"column":77},"end":{"line":136,"column":9},"skip":true}]},"13":{"line":138,"type":"binary-expr","locations":[{"start":{"line":138,"column":48},"end":{"line":138,"column":85},"skip":true},{"start":{"line":139,"column":12},"end":{"line":145,"column":13},"skip":true}]},"14":{"line":147,"type":"binary-expr","locations":[{"start":{"line":147,"column":42},"end":{"line":147,"column":73},"skip":true},{"start":{"line":147,"column":77},"end":{"line":156,"column":9},"skip":true}]},"15":{"line":158,"type":"binary-expr","locations":[{"start":{"line":158,"column":45},"end":{"line":158,"column":79},"skip":true},{"start":{"line":158,"column":83},"end":{"line":167,"column":9},"skip":true}]},"16":{"line":169,"type":"binary-expr","locations":[{"start":{"line":169,"column":43},"end":{"line":169,"column":75},"skip":true},{"start":{"line":169,"column":79},"end":{"line":178,"column":9},"skip":true}]},"17":{"line":180,"type":"binary-expr","locations":[{"start":{"line":180,"column":41},"end":{"line":180,"column":71},"skip":true},{"start":{"line":180,"column":75},"end":{"line":189,"column":9},"skip":true}]}},"code":["/* istanbul instrument in package npmtest_nuxt */","/*jslint","    bitwise: true,","    browser: true,","    maxerr: 8,","    maxlen: 96,","    node: true,","    nomen: true,","    regexp: true,","    stupid: true","*/","(function () {","    'use strict';","    var local;","","","","    // run shared js-env code - init-before","    (function () {","        // init local","        local = {};","        // init modeJs","        local.modeJs = (function () {","            try {","                return typeof navigator.userAgent === 'string' &&","                    typeof document.querySelector('body') === 'object' &&","                    typeof XMLHttpRequest.prototype.open === 'function' &&","                    'browser';","            } catch (errorCaughtBrowser) {","                return module.exports &&","                    typeof process.versions.node === 'string' &&","                    typeof require('http').createServer === 'function' &&","                    'node';","            }","        }());","        // init global","        local.global = local.modeJs === 'browser'","            ? window","            : global;","        switch (local.modeJs) {","        // re-init local from window.local","        case 'browser':","            local = local.global.utility2.objectSetDefault(","                local.global.utility2_rollup || local.global.local,","                local.global.utility2","            );","            break;","        // re-init local from example.js","        case 'node':","            local = (local.global.utility2_rollup || require('utility2'))","                .requireReadme();","            break;","        }","        // export local","        local.global.local = local;","    }());","","","","    // run shared js-env code - function","    (function () {","        return;","    }());","    switch (local.modeJs) {","","","","    // run browser js-env code - function","    case 'browser':","        break;","","","","    // run node js-env code - function","    case 'node':","        break;","    }","","","","    // run shared js-env code - init-after","    (function () {","        return;","    }());","    switch (local.modeJs) {","","","","    // run browser js-env code - init-after","    case 'browser':","        local.testCase_browser_nullCase = local.testCase_browser_nullCase || function (","            options,","            onError","        ) {","        /*","         * this function will test browsers's null-case handling-behavior-behavior","         */","            onError(null, options);","        };","","        // run tests","        local.nop(local.modeTest &&","            document.querySelector('#testRunButton1') &&","            document.querySelector('#testRunButton1').click());","        break;","","","","    // run node js-env code - init-after","    /* istanbul ignore next */","    case 'node':","        local.testCase_buildApidoc_default = local.testCase_buildApidoc_default || function (","            options,","            onError","        ) {","        /*","         * this function will test buildApidoc's default handling-behavior-behavior","         */","            options = { modulePathList: module.paths };","            local.buildApidoc(options, onError);","        };","","        local.testCase_buildApp_default = local.testCase_buildApp_default || function (","            options,","            onError","        ) {","        /*","         * this function will test buildApp's default handling-behavior-behavior","         */","            local.testCase_buildReadme_default(options, local.onErrorThrow);","            local.testCase_buildLib_default(options, local.onErrorThrow);","            local.testCase_buildTest_default(options, local.onErrorThrow);","            local.testCase_buildCustomOrg_default(options, local.onErrorThrow);","            options = [];","            local.buildApp(options, onError);","        };","","        local.testCase_buildCustomOrg_default = local.testCase_buildCustomOrg_default ||","            function (options, onError) {","            /*","             * this function will test buildCustomOrg's default handling-behavior","             */","                options = {};","                local.buildCustomOrg(options, onError);","            };","","        local.testCase_buildLib_default = local.testCase_buildLib_default || function (","            options,","            onError","        ) {","        /*","         * this function will test buildLib's default handling-behavior","         */","            options = {};","            local.buildLib(options, onError);","        };","","        local.testCase_buildReadme_default = local.testCase_buildReadme_default || function (","            options,","            onError","        ) {","        /*","         * this function will test buildReadme's default handling-behavior-behavior","         */","            options = {};","            local.buildReadme(options, onError);","        };","","        local.testCase_buildTest_default = local.testCase_buildTest_default || function (","            options,","            onError","        ) {","        /*","         * this function will test buildTest's default handling-behavior","         */","            options = {};","            local.buildTest(options, onError);","        };","","        local.testCase_webpage_default = local.testCase_webpage_default || function (","            options,","            onError","        ) {","        /*","         * this function will test webpage's default handling-behavior","         */","            options = { modeCoverageMerge: true, url: local.serverLocalHost + '?modeTest=1' };","            local.browserTest(options, onError);","        };","","        // run test-server","        local.testRunServer(local);","        break;","    }","}());",""],"l":{"12":2,"14":2,"19":2,"21":2,"23":2,"24":2,"25":2,"30":1,"37":2,"40":2,"43":1,"47":1,"50":1,"52":1,"55":2,"61":2,"62":2,"64":2,"70":1,"76":1,"82":2,"83":2,"85":2,"91":1,"98":1,"102":1,"105":1,"112":1,"119":1,"120":1,"123":1,"130":1,"131":1,"132":1,"133":1,"134":1,"135":1,"138":1,"143":2,"144":2,"147":1,"154":2,"155":2,"158":1,"165":2,"166":2,"169":1,"176":2,"177":2,"180":1,"187":1,"188":1,"192":1,"193":1}},"/home/travis/build/npmtest/node-npmtest-nuxt/lib.npmtest_nuxt.js":{"path":"/home/travis/build/npmtest/node-npmtest-nuxt/lib.npmtest_nuxt.js","s":{"1":2,"2":2,"3":2,"4":2,"5":2,"6":2,"7":2,"8":1,"9":2,"10":2,"11":2,"12":2,"13":1,"14":1,"15":1,"16":1},"b":{"1":[2,1,1,1],"2":[1,1,1,1],"3":[1,1],"4":[2,2],"5":[1,1]},"f":{"1":2,"2":2,"3":2},"fnMap":{"1":{"name":"(anonymous_1)","line":12,"loc":{"start":{"line":12,"column":1},"end":{"line":12,"column":13}}},"2":{"name":"(anonymous_2)","line":19,"loc":{"start":{"line":19,"column":5},"end":{"line":19,"column":17}}},"3":{"name":"(anonymous_3)","line":23,"loc":{"start":{"line":23,"column":24},"end":{"line":23,"column":36}}}},"statementMap":{"1":{"start":{"line":12,"column":0},"end":{"line":53,"column":5}},"2":{"start":{"line":14,"column":4},"end":{"line":14,"column":14}},"3":{"start":{"line":19,"column":4},"end":{"line":52,"column":9}},"4":{"start":{"line":21,"column":8},"end":{"line":21,"column":19}},"5":{"start":{"line":23,"column":8},"end":{"line":35,"column":13}},"6":{"start":{"line":24,"column":12},"end":{"line":34,"column":13}},"7":{"start":{"line":25,"column":16},"end":{"line":28,"column":30}},"8":{"start":{"line":30,"column":16},"end":{"line":33,"column":27}},"9":{"start":{"line":37,"column":8},"end":{"line":39,"column":21}},"10":{"start":{"line":41,"column":8},"end":{"line":41,"column":54}},"11":{"start":{"line":43,"column":8},"end":{"line":43,"column":49}},"12":{"start":{"line":45,"column":8},"end":{"line":51,"column":9}},"13":{"start":{"line":46,"column":12},"end":{"line":46,"column":55}},"14":{"start":{"line":48,"column":12},"end":{"line":48,"column":35}},"15":{"start":{"line":49,"column":12},"end":{"line":49,"column":49}},"16":{"start":{"line":50,"column":12},"end":{"line":50,"column":43}}},"branchMap":{"1":{"line":25,"type":"binary-expr","locations":[{"start":{"line":25,"column":23},"end":{"line":25,"column":62}},{"start":{"line":26,"column":20},"end":{"line":26,"column":70}},{"start":{"line":27,"column":20},"end":{"line":27,"column":71}},{"start":{"line":28,"column":20},"end":{"line":28,"column":29}}]},"2":{"line":30,"type":"binary-expr","locations":[{"start":{"line":30,"column":23},"end":{"line":30,"column":37}},{"start":{"line":31,"column":20},"end":{"line":31,"column":61}},{"start":{"line":32,"column":20},"end":{"line":32,"column":70}},{"start":{"line":33,"column":20},"end":{"line":33,"column":26}}]},"3":{"line":37,"type":"cond-expr","locations":[{"start":{"line":38,"column":14},"end":{"line":38,"column":20}},{"start":{"line":39,"column":14},"end":{"line":39,"column":20}}]},"4":{"line":41,"type":"binary-expr","locations":[{"start":{"line":41,"column":16},"end":{"line":41,"column":44}},{"start":{"line":41,"column":48},"end":{"line":41,"column":53}}]},"5":{"line":45,"type":"if","locations":[{"start":{"line":45,"column":8},"end":{"line":45,"column":8}},{"start":{"line":45,"column":8},"end":{"line":45,"column":8}}]}},"code":["/* istanbul instrument in package npmtest_nuxt */","/*jslint","    bitwise: true,","    browser: true,","    maxerr: 8,","    maxlen: 96,","    node: true,","    nomen: true,","    regexp: true,","    stupid: true","*/","(function () {","    'use strict';","    var local;","","","","    // run shared js-env code - init-before","    (function () {","        // init local","        local = {};","        // init modeJs","        local.modeJs = (function () {","            try {","                return typeof navigator.userAgent === 'string' &&","                    typeof document.querySelector('body') === 'object' &&","                    typeof XMLHttpRequest.prototype.open === 'function' &&","                    'browser';","            } catch (errorCaughtBrowser) {","                return module.exports &&","                    typeof process.versions.node === 'string' &&","                    typeof require('http').createServer === 'function' &&","                    'node';","            }","        }());","        // init global","        local.global = local.modeJs === 'browser'","            ? window","            : global;","        // init utility2_rollup","        local = local.global.utility2_rollup || local;","        // init lib","        local.local = local.npmtest_nuxt = local;","        // init exports","        if (local.modeJs === 'browser') {","            local.global.utility2_npmtest_nuxt = local;","        } else {","            module.exports = local;","            module.exports.__dirname = __dirname;","            module.exports.module = module;","        }","    }());","}());",""],"l":{"12":2,"14":2,"19":2,"21":2,"23":2,"24":2,"25":2,"30":1,"37":2,"41":2,"43":2,"45":2,"46":1,"48":1,"49":1,"50":1}},"/home/travis/build/npmtest/node-npmtest-nuxt/example.js":{"path":"/home/travis/build/npmtest/node-npmtest-nuxt/example.js","s":{"1":2,"2":2,"3":2,"4":2,"5":2,"6":2,"7":2,"8":1,"9":2,"10":2,"11":2,"12":2,"13":1,"14":2,"15":2,"16":2,"17":2,"18":2,"19":0,"20":2,"21":1,"22":1,"23":1,"24":1,"25":1,"26":0,"27":0,"28":1,"29":1,"30":2,"31":0,"32":0,"33":0,"34":1,"35":2,"36":2,"37":3,"38":3,"39":3,"40":3,"41":0,"42":3,"43":3,"44":3,"45":1,"46":3,"47":1,"48":1,"49":1,"50":1,"51":1,"52":1,"53":1,"54":1,"55":1,"56":1,"57":0,"58":1,"59":6,"60":6,"61":1,"62":2,"63":0,"64":2,"65":1,"66":1,"67":0,"68":0,"69":0,"70":0,"71":0,"72":0,"73":0,"74":0,"75":0,"76":0,"77":0,"78":0,"79":0,"80":0,"81":0,"82":0,"83":0},"b":{"1":[2,1,1,1],"2":[1,1,1,1],"3":[1,1],"4":[2,2],"5":[1,1],"6":[1,1],"7":[2,0],"8":[2,1,1,1,1,1],"9":[0,2,0],"10":[1,1],"11":[2,1,1],"12":[1,0],"13":[0,2],"14":[2,0,0,0,0,0,0],"15":[0,3],"16":[3,0],"17":[1,1],"18":[0,1],"19":[1,2,0,2],"20":[1,0],"21":[1,1],"22":[0,0],"23":[0,0],"24":[0,0],"25":[0,0],"26":[0,0],"27":[0,0],"28":[0,0]},"f":{"1":2,"2":2,"3":2,"4":2,"5":2,"6":2,"7":3,"8":3,"9":3,"10":1,"11":6,"12":0},"fnMap":{"1":{"name":"(anonymous_1)","line":26,"loc":{"start":{"line":26,"column":1},"end":{"line":26,"column":13}}},"2":{"name":"(anonymous_2)","line":33,"loc":{"start":{"line":33,"column":5},"end":{"line":33,"column":17}}},"3":{"name":"(anonymous_3)","line":37,"loc":{"start":{"line":37,"column":24},"end":{"line":37,"column":36}}},"4":{"name":"(anonymous_4)","line":69,"loc":{"start":{"line":69,"column":31},"end":{"line":69,"column":48}},"skip":true},"5":{"name":"(anonymous_5)","line":78,"loc":{"start":{"line":78,"column":26},"end":{"line":78,"column":45}},"skip":true},"6":{"name":"(anonymous_6)","line":123,"loc":{"start":{"line":123,"column":33},"end":{"line":123,"column":48}},"skip":true},"7":{"name":"(anonymous_7)","line":125,"loc":{"start":{"line":125,"column":27},"end":{"line":125,"column":39}},"skip":true},"8":{"name":"(anonymous_8)","line":133,"loc":{"start":{"line":133,"column":59},"end":{"line":133,"column":74}},"skip":true},"9":{"name":"(anonymous_9)","line":143,"loc":{"start":{"line":143,"column":45},"end":{"line":143,"column":62}},"skip":true},"10":{"name":"(anonymous_10)","line":144,"loc":{"start":{"line":144,"column":73},"end":{"line":144,"column":92}},"skip":true},"11":{"name":"(anonymous_11)","line":272,"loc":{"start":{"line":272,"column":51},"end":{"line":272,"column":77}},"skip":true},"12":{"name":"(anonymous_12)","line":315,"loc":{"start":{"line":315,"column":32},"end":{"line":315,"column":61}},"skip":true}},"statementMap":{"1":{"start":{"line":26,"column":0},"end":{"line":326,"column":5}},"2":{"start":{"line":28,"column":4},"end":{"line":28,"column":14}},"3":{"start":{"line":33,"column":4},"end":{"line":60,"column":9}},"4":{"start":{"line":35,"column":8},"end":{"line":35,"column":19}},"5":{"start":{"line":37,"column":8},"end":{"line":49,"column":13}},"6":{"start":{"line":38,"column":12},"end":{"line":48,"column":13}},"7":{"start":{"line":39,"column":16},"end":{"line":42,"column":30}},"8":{"start":{"line":44,"column":16},"end":{"line":47,"column":27}},"9":{"start":{"line":51,"column":8},"end":{"line":53,"column":21}},"10":{"start":{"line":55,"column":8},"end":{"line":57,"column":45}},"11":{"start":{"line":59,"column":8},"end":{"line":59,"column":35}},"12":{"start":{"line":61,"column":4},"end":{"line":325,"column":5}},"13":{"start":{"line":69,"column":8},"end":{"line":121,"column":10},"skip":true},"14":{"start":{"line":70,"column":12},"end":{"line":88,"column":13},"skip":true},"15":{"start":{"line":76,"column":16},"end":{"line":87,"column":19},"skip":true},"16":{"start":{"line":79,"column":20},"end":{"line":86,"column":21},"skip":true},"17":{"start":{"line":82,"column":24},"end":{"line":82,"column":43},"skip":true},"18":{"start":{"line":83,"column":24},"end":{"line":83,"column":30},"skip":true},"19":{"start":{"line":85,"column":24},"end":{"line":85,"column":49},"skip":true},"20":{"start":{"line":89,"column":12},"end":{"line":107,"column":13},"skip":true},"21":{"start":{"line":92,"column":16},"end":{"line":102,"column":17},"skip":true},"22":{"start":{"line":93,"column":20},"end":{"line":93,"column":86},"skip":true},"23":{"start":{"line":94,"column":20},"end":{"line":95,"column":45},"skip":true},"24":{"start":{"line":96,"column":20},"end":{"line":96,"column":42},"skip":true},"25":{"start":{"line":97,"column":20},"end":{"line":97,"column":48},"skip":true},"26":{"start":{"line":100,"column":20},"end":{"line":100,"column":85},"skip":true},"27":{"start":{"line":101,"column":20},"end":{"line":101,"column":96},"skip":true},"28":{"start":{"line":103,"column":16},"end":{"line":103,"column":22},"skip":true},"29":{"start":{"line":106,"column":16},"end":{"line":106,"column":22},"skip":true},"30":{"start":{"line":108,"column":12},"end":{"line":120,"column":13},"skip":true},"31":{"start":{"line":114,"column":16},"end":{"line":119,"column":17},"skip":true},"32":{"start":{"line":116,"column":20},"end":{"line":116,"column":78},"skip":true},"33":{"start":{"line":118,"column":20},"end":{"line":118,"column":47},"skip":true},"34":{"start":{"line":123,"column":8},"end":{"line":141,"column":11},"skip":true},"35":{"start":{"line":124,"column":12},"end":{"line":124,"column":54},"skip":true},"36":{"start":{"line":125,"column":12},"end":{"line":140,"column":14},"skip":true},"37":{"start":{"line":126,"column":16},"end":{"line":126,"column":28},"skip":true},"38":{"start":{"line":127,"column":16},"end":{"line":127,"column":69},"skip":true},"39":{"start":{"line":128,"column":16},"end":{"line":128,"column":75},"skip":true},"40":{"start":{"line":129,"column":16},"end":{"line":131,"column":17},"skip":true},"41":{"start":{"line":130,"column":20},"end":{"line":130,"column":27},"skip":true},"42":{"start":{"line":133,"column":16},"end":{"line":137,"column":36},"skip":true},"43":{"start":{"line":134,"column":20},"end":{"line":136,"column":55},"skip":true},"44":{"start":{"line":139,"column":16},"end":{"line":139,"column":57},"skip":true},"45":{"start":{"line":143,"column":8},"end":{"line":147,"column":11},"skip":true},"46":{"start":{"line":144,"column":12},"end":{"line":146,"column":15},"skip":true},"47":{"start":{"line":145,"column":16},"end":{"line":145,"column":70},"skip":true},"48":{"start":{"line":149,"column":8},"end":{"line":149,"column":31},"skip":true},"49":{"start":{"line":150,"column":8},"end":{"line":150,"column":14},"skip":true},"50":{"start":{"line":158,"column":8},"end":{"line":158,"column":31},"skip":true},"51":{"start":{"line":160,"column":8},"end":{"line":160,"column":33},"skip":true},"52":{"start":{"line":161,"column":8},"end":{"line":161,"column":37},"skip":true},"53":{"start":{"line":162,"column":8},"end":{"line":162,"column":35},"skip":true},"54":{"start":{"line":164,"column":8},"end":{"line":164,"column":50},"skip":true},"55":{"start":{"line":166,"column":8},"end":{"line":256,"column":2},"skip":true},"56":{"start":{"line":258,"column":8},"end":{"line":286,"column":9},"skip":true},"57":{"start":{"line":259,"column":12},"end":{"line":269,"column":14},"skip":true},"58":{"start":{"line":271,"column":12},"end":{"line":285,"column":19},"skip":true},"59":{"start":{"line":274,"column":20},"end":{"line":274,"column":35},"skip":true},"60":{"start":{"line":275,"column":20},"end":{"line":284,"column":21},"skip":true},"61":{"start":{"line":277,"column":24},"end":{"line":277,"column":64},"skip":true},"62":{"start":{"line":279,"column":24},"end":{"line":279,"column":40},"skip":true},"63":{"start":{"line":281,"column":24},"end":{"line":281,"column":40},"skip":true},"64":{"start":{"line":283,"column":24},"end":{"line":283,"column":39},"skip":true},"65":{"start":{"line":288,"column":8},"end":{"line":290,"column":9},"skip":true},"66":{"start":{"line":289,"column":12},"end":{"line":289,"column":18},"skip":true},"67":{"start":{"line":291,"column":8},"end":{"line":293,"column":54},"skip":true},"68":{"start":{"line":296,"column":8},"end":{"line":301,"column":37},"skip":true},"69":{"start":{"line":303,"column":8},"end":{"line":303,"column":82},"skip":true},"70":{"start":{"line":306,"column":8},"end":{"line":308,"column":9},"skip":true},"71":{"start":{"line":307,"column":12},"end":{"line":307,"column":82},"skip":true},"72":{"start":{"line":310,"column":8},"end":{"line":312,"column":9},"skip":true},"73":{"start":{"line":311,"column":12},"end":{"line":311,"column":18},"skip":true},"74":{"start":{"line":313,"column":8},"end":{"line":313,"column":54},"skip":true},"75":{"start":{"line":314,"column":8},"end":{"line":314,"column":69},"skip":true},"76":{"start":{"line":315,"column":8},"end":{"line":323,"column":36},"skip":true},"77":{"start":{"line":316,"column":12},"end":{"line":316,"column":61},"skip":true},"78":{"start":{"line":317,"column":12},"end":{"line":320,"column":13},"skip":true},"79":{"start":{"line":318,"column":16},"end":{"line":318,"column":75},"skip":true},"80":{"start":{"line":319,"column":16},"end":{"line":319,"column":23},"skip":true},"81":{"start":{"line":321,"column":12},"end":{"line":321,"column":38},"skip":true},"82":{"start":{"line":322,"column":12},"end":{"line":322,"column":27},"skip":true},"83":{"start":{"line":324,"column":8},"end":{"line":324,"column":14},"skip":true}},"branchMap":{"1":{"line":39,"type":"binary-expr","locations":[{"start":{"line":39,"column":23},"end":{"line":39,"column":62}},{"start":{"line":40,"column":20},"end":{"line":40,"column":70}},{"start":{"line":41,"column":20},"end":{"line":41,"column":71}},{"start":{"line":42,"column":20},"end":{"line":42,"column":29}}]},"2":{"line":44,"type":"binary-expr","locations":[{"start":{"line":44,"column":23},"end":{"line":44,"column":37}},{"start":{"line":45,"column":20},"end":{"line":45,"column":61}},{"start":{"line":46,"column":20},"end":{"line":46,"column":70}},{"start":{"line":47,"column":20},"end":{"line":47,"column":26}}]},"3":{"line":51,"type":"cond-expr","locations":[{"start":{"line":52,"column":14},"end":{"line":52,"column":20}},{"start":{"line":53,"column":14},"end":{"line":53,"column":20}}]},"4":{"line":55,"type":"binary-expr","locations":[{"start":{"line":55,"column":16},"end":{"line":55,"column":44}},{"start":{"line":55,"column":49},"end":{"line":57,"column":43}}]},"5":{"line":55,"type":"cond-expr","locations":[{"start":{"line":56,"column":14},"end":{"line":56,"column":48}},{"start":{"line":57,"column":14},"end":{"line":57,"column":43}}]},"6":{"line":61,"type":"switch","locations":[{"start":{"line":68,"column":4},"end":{"line":150,"column":14},"skip":true},{"start":{"line":156,"column":4},"end":{"line":324,"column":14},"skip":true}]},"7":{"line":70,"type":"if","locations":[{"start":{"line":70,"column":12},"end":{"line":70,"column":12},"skip":true},{"start":{"line":70,"column":12},"end":{"line":70,"column":12},"skip":true}]},"8":{"line":70,"type":"binary-expr","locations":[{"start":{"line":70,"column":16},"end":{"line":70,"column":22},"skip":true},{"start":{"line":70,"column":27},"end":{"line":70,"column":32},"skip":true},{"start":{"line":71,"column":20},"end":{"line":71,"column":39},"skip":true},{"start":{"line":72,"column":20},"end":{"line":72,"column":49},"skip":true},{"start":{"line":73,"column":20},"end":{"line":73,"column":58},"skip":true},{"start":{"line":74,"column":20},"end":{"line":74,"column":69},"skip":true}]},"9":{"line":79,"type":"switch","locations":[{"start":{"line":80,"column":20},"end":{"line":80,"column":33},"skip":true},{"start":{"line":81,"column":20},"end":{"line":83,"column":30},"skip":true},{"start":{"line":84,"column":20},"end":{"line":85,"column":49},"skip":true}]},"10":{"line":89,"type":"switch","locations":[{"start":{"line":90,"column":12},"end":{"line":103,"column":22},"skip":true},{"start":{"line":105,"column":12},"end":{"line":106,"column":22},"skip":true}]},"11":{"line":89,"type":"binary-expr","locations":[{"start":{"line":89,"column":20},"end":{"line":89,"column":25},"skip":true},{"start":{"line":89,"column":29},"end":{"line":89,"column":48},"skip":true},{"start":{"line":89,"column":52},"end":{"line":89,"column":74},"skip":true}]},"12":{"line":92,"type":"if","locations":[{"start":{"line":92,"column":16},"end":{"line":92,"column":16},"skip":true},{"start":{"line":92,"column":16},"end":{"line":92,"column":16},"skip":true}]},"13":{"line":108,"type":"if","locations":[{"start":{"line":108,"column":12},"end":{"line":108,"column":12},"skip":true},{"start":{"line":108,"column":12},"end":{"line":108,"column":12},"skip":true}]},"14":{"line":108,"type":"binary-expr","locations":[{"start":{"line":108,"column":16},"end":{"line":108,"column":61},"skip":true},{"start":{"line":108,"column":66},"end":{"line":108,"column":72},"skip":true},{"start":{"line":108,"column":77},"end":{"line":108,"column":82},"skip":true},{"start":{"line":109,"column":20},"end":{"line":109,"column":39},"skip":true},{"start":{"line":110,"column":20},"end":{"line":110,"column":49},"skip":true},{"start":{"line":111,"column":20},"end":{"line":111,"column":58},"skip":true},{"start":{"line":112,"column":20},"end":{"line":112,"column":68},"skip":true}]},"15":{"line":129,"type":"if","locations":[{"start":{"line":129,"column":16},"end":{"line":129,"column":16},"skip":true},{"start":{"line":129,"column":16},"end":{"line":129,"column":16},"skip":true}]},"16":{"line":134,"type":"cond-expr","locations":[{"start":{"line":135,"column":26},"end":{"line":135,"column":29},"skip":true},{"start":{"line":136,"column":26},"end":{"line":136,"column":54},"skip":true}]},"17":{"line":164,"type":"binary-expr","locations":[{"start":{"line":164,"column":27},"end":{"line":164,"column":43},"skip":true},{"start":{"line":164,"column":47},"end":{"line":164,"column":49},"skip":true}]},"18":{"line":258,"type":"if","locations":[{"start":{"line":258,"column":8},"end":{"line":258,"column":8},"skip":true},{"start":{"line":258,"column":8},"end":{"line":258,"column":8},"skip":true}]},"19":{"line":275,"type":"switch","locations":[{"start":{"line":276,"column":20},"end":{"line":277,"column":64},"skip":true},{"start":{"line":278,"column":20},"end":{"line":279,"column":40},"skip":true},{"start":{"line":280,"column":20},"end":{"line":281,"column":40},"skip":true},{"start":{"line":282,"column":20},"end":{"line":283,"column":39},"skip":true}]},"20":{"line":288,"type":"if","locations":[{"start":{"line":288,"column":8},"end":{"line":288,"column":8},"skip":true},{"start":{"line":288,"column":8},"end":{"line":288,"column":8},"skip":true}]},"21":{"line":288,"type":"binary-expr","locations":[{"start":{"line":288,"column":12},"end":{"line":288,"column":40},"skip":true},{"start":{"line":288,"column":44},"end":{"line":288,"column":67},"skip":true}]},"22":{"line":292,"type":"binary-expr","locations":[{"start":{"line":292,"column":12},"end":{"line":292,"column":50},"skip":true},{"start":{"line":293,"column":12},"end":{"line":293,"column":53},"skip":true}]},"23":{"line":297,"type":"binary-expr","locations":[{"start":{"line":297,"column":12},"end":{"line":297,"column":62},"skip":true},{"start":{"line":298,"column":12},"end":{"line":301,"column":36},"skip":true}]},"24":{"line":303,"type":"binary-expr","locations":[{"start":{"line":303,"column":43},"end":{"line":303,"column":75},"skip":true},{"start":{"line":303,"column":79},"end":{"line":303,"column":81},"skip":true}]},"25":{"line":306,"type":"if","locations":[{"start":{"line":306,"column":8},"end":{"line":306,"column":8},"skip":true},{"start":{"line":306,"column":8},"end":{"line":306,"column":8},"skip":true}]},"26":{"line":310,"type":"if","locations":[{"start":{"line":310,"column":8},"end":{"line":310,"column":8},"skip":true},{"start":{"line":310,"column":8},"end":{"line":310,"column":8},"skip":true}]},"27":{"line":313,"type":"binary-expr","locations":[{"start":{"line":313,"column":27},"end":{"line":313,"column":43},"skip":true},{"start":{"line":313,"column":47},"end":{"line":313,"column":53},"skip":true}]},"28":{"line":317,"type":"if","locations":[{"start":{"line":317,"column":12},"end":{"line":317,"column":12},"skip":true},{"start":{"line":317,"column":12},"end":{"line":317,"column":12},"skip":true}]}},"code":["/*","example.js","","quickstart example","","instruction","    1. save this script as example.js","    2. run the shell command:","        $ npm install npmtest-nuxt && PORT=8081 node example.js","    3. play with the browser-demo on http://127.0.0.1:8081","*/","","","","/* istanbul instrument in package npmtest_nuxt */","/*jslint","    bitwise: true,","    browser: true,","    maxerr: 8,","    maxlen: 96,","    node: true,","    nomen: true,","    regexp: true,","    stupid: true","*/","(function () {","    'use strict';","    var local;","","","","    // run shared js-env code - init-before","    (function () {","        // init local","        local = {};","        // init modeJs","        local.modeJs = (function () {","            try {","                return typeof navigator.userAgent === 'string' &&","                    typeof document.querySelector('body') === 'object' &&","                    typeof XMLHttpRequest.prototype.open === 'function' &&","                    'browser';","            } catch (errorCaughtBrowser) {","                return module.exports &&","                    typeof process.versions.node === 'string' &&","                    typeof require('http').createServer === 'function' &&","                    'node';","            }","        }());","        // init global","        local.global = local.modeJs === 'browser'","            ? window","            : global;","        // init utility2_rollup","        local = local.global.utility2_rollup || (local.modeJs === 'browser'","            ? local.global.utility2_npmtest_nuxt","            : global.utility2_moduleExports);","        // export local","        local.global.local = local;","    }());","    switch (local.modeJs) {","","","","    // init-after","    // run browser js-env code - init-after","    /* istanbul ignore next */","    case 'browser':","        local.testRunBrowser = function (event) {","            if (!event || (event &&","                    event.currentTarget &&","                    event.currentTarget.className &&","                    event.currentTarget.className.includes &&","                    event.currentTarget.className.includes('onreset'))) {","                // reset output","                Array.from(","                    document.querySelectorAll('body > .resettable')","                ).forEach(function (element) {","                    switch (element.tagName) {","                    case 'INPUT':","                    case 'TEXTAREA':","                        element.value = '';","                        break;","                    default:","                        element.textContent = '';","                    }","                });","            }","            switch (event && event.currentTarget && event.currentTarget.id) {","            case 'testRunButton1':","                // show tests","                if (document.querySelector('#testReportDiv1').style.display === 'none') {","                    document.querySelector('#testReportDiv1').style.display = 'block';","                    document.querySelector('#testRunButton1').textContent =","                        'hide internal test';","                    local.modeTest = true;","                    local.testRunDefault(local);","                // hide tests","                } else {","                    document.querySelector('#testReportDiv1').style.display = 'none';","                    document.querySelector('#testRunButton1').textContent = 'run internal test';","                }","                break;","            // custom-case","            default:","                break;","            }","            if (document.querySelector('#inputTextareaEval1') && (!event || (event &&","                    event.currentTarget &&","                    event.currentTarget.className &&","                    event.currentTarget.className.includes &&","                    event.currentTarget.className.includes('oneval')))) {","                // try to eval input-code","                try {","                    /*jslint evil: true*/","                    eval(document.querySelector('#inputTextareaEval1').value);","                } catch (errorCaught) {","                    console.error(errorCaught);","                }","            }","        };","        // log stderr and stdout to #outputTextareaStdout1","        ['error', 'log'].forEach(function (key) {","            console[key + '_original'] = console[key];","            console[key] = function () {","                var element;","                console[key + '_original'].apply(console, arguments);","                element = document.querySelector('#outputTextareaStdout1');","                if (!element) {","                    return;","                }","                // append text to #outputTextareaStdout1","                element.value += Array.from(arguments).map(function (arg) {","                    return typeof arg === 'string'","                        ? arg","                        : JSON.stringify(arg, null, 4);","                }).join(' ') + '\\n';","                // scroll textarea to bottom","                element.scrollTop = element.scrollHeight;","            };","        });","        // init event-handling","        ['change', 'click', 'keyup'].forEach(function (event) {","            Array.from(document.querySelectorAll('.on' + event)).forEach(function (element) {","                element.addEventListener(event, local.testRunBrowser);","            });","        });","        // run tests","        local.testRunBrowser();","        break;","","","","    // run node js-env code - init-after","    /* istanbul ignore next */","    case 'node':","        // export local","        module.exports = local;","        // require modules","        local.fs = require('fs');","        local.http = require('http');","        local.url = require('url');","        // init assets","        local.assetsDict = local.assetsDict || {};","        /* jslint-ignore-begin */","        local.assetsDict['/assets.index.template.html'] = '\\","<!doctype html>\\n\\","<html lang=\"en\">\\n\\","<head>\\n\\","<meta charset=\"UTF-8\">\\n\\","<meta name=\"viewport\" content=\"width=device-width, initial-scale=1\">\\n\\","<title>{{env.npm_package_name}} (v{{env.npm_package_version}})</title>\\n\\","<style>\\n\\","/*csslint\\n\\","    box-sizing: false,\\n\\","    universal-selector: false\\n\\","*/\\n\\","* {\\n\\","    box-sizing: border-box;\\n\\","}\\n\\","body {\\n\\","    background: #dde;\\n\\","    font-family: Arial, Helvetica, sans-serif;\\n\\","    margin: 2rem;\\n\\","}\\n\\","body > * {\\n\\","    margin-bottom: 1rem;\\n\\","}\\n\\",".utility2FooterDiv {\\n\\","    margin-top: 20px;\\n\\","    text-align: center;\\n\\","}\\n\\","</style>\\n\\","<style>\\n\\","/*csslint\\n\\","*/\\n\\","textarea {\\n\\","    font-family: monospace;\\n\\","    height: 10rem;\\n\\","    width: 100%;\\n\\","}\\n\\","textarea[readonly] {\\n\\","    background: #ddd;\\n\\","}\\n\\","</style>\\n\\","</head>\\n\\","<body>\\n\\","<!-- utility2-comment\\n\\","<div id=\"ajaxProgressDiv1\" style=\"background: #d00; height: 2px; left: 0; margin: 0; padding: 0; position: fixed; top: 0; transition: background 0.5s, width 1.5s; width: 25%;\"></div>\\n\\","utility2-comment -->\\n\\","<h1>\\n\\","<!-- utility2-comment\\n\\","    <a\\n\\","        {{#if env.npm_package_homepage}}\\n\\","        href=\"{{env.npm_package_homepage}}\"\\n\\","        {{/if env.npm_package_homepage}}\\n\\","        target=\"_blank\"\\n\\","    >\\n\\","utility2-comment -->\\n\\","        {{env.npm_package_name}} (v{{env.npm_package_version}})\\n\\","<!-- utility2-comment\\n\\","    </a>\\n\\","utility2-comment -->\\n\\","</h1>\\n\\","<h3>{{env.npm_package_description}}</h3>\\n\\","<!-- utility2-comment\\n\\","<h4><a download href=\"assets.app.js\">download standalone app</a></h4>\\n\\","<button class=\"onclick onreset\" id=\"testRunButton1\">run internal test</button><br>\\n\\","<div id=\"testReportDiv1\" style=\"display: none;\"></div>\\n\\","utility2-comment -->\\n\\","\\n\\","\\n\\","\\n\\","<label>stderr and stdout</label>\\n\\","<textarea class=\"resettable\" id=\"outputTextareaStdout1\" readonly></textarea>\\n\\","<!-- utility2-comment\\n\\","{{#if isRollup}}\\n\\","<script src=\"assets.app.js\"></script>\\n\\","{{#unless isRollup}}\\n\\","utility2-comment -->\\n\\","<script src=\"assets.utility2.rollup.js\"></script>\\n\\","<script src=\"jsonp.utility2._stateInit?callback=window.utility2._stateInit\"></script>\\n\\","<script src=\"assets.npmtest_nuxt.rollup.js\"></script>\\n\\","<script src=\"assets.example.js\"></script>\\n\\","<script src=\"assets.test.js\"></script>\\n\\","<!-- utility2-comment\\n\\","{{/if isRollup}}\\n\\","utility2-comment -->\\n\\","<div class=\"utility2FooterDiv\">\\n\\","    [ this app was created with\\n\\","    <a href=\"https://github.com/kaizhu256/node-utility2\" target=\"_blank\">utility2</a>\\n\\","    ]\\n\\","</div>\\n\\","</body>\\n\\","</html>\\n\\","';","        /* jslint-ignore-end */","        if (local.templateRender) {","            local.assetsDict['/'] = local.templateRender(","                local.assetsDict['/assets.index.template.html'],","                {","                    env: local.objectSetDefault(local.env, {","                        npm_package_description: 'the greatest app in the world!',","                        npm_package_name: 'my-app',","                        npm_package_nameAlias: 'my_app',","                        npm_package_version: '0.0.1'","                    })","                }","            );","        } else {","            local.assetsDict['/'] = local.assetsDict['/assets.index.template.html']","                .replace((/\\{\\{env\\.(\\w+?)\\}\\}/g), function (match0, match1) {","                    // jslint-hack","                    String(match0);","                    switch (match1) {","                    case 'npm_package_description':","                        return 'the greatest app in the world!';","                    case 'npm_package_name':","                        return 'my-app';","                    case 'npm_package_nameAlias':","                        return 'my_app';","                    case 'npm_package_version':","                        return '0.0.1';","                    }","                });","        }","        // run the cli","        if (local.global.utility2_rollup || module !== require.main) {","            break;","        }","        local.assetsDict['/assets.example.js'] =","            local.assetsDict['/assets.example.js'] ||","            local.fs.readFileSync(__filename, 'utf8');","        // bug-workaround - long $npm_package_buildCustomOrg","        /* jslint-ignore-begin */","        local.assetsDict['/assets.npmtest_nuxt.rollup.js'] =","            local.assetsDict['/assets.npmtest_nuxt.rollup.js'] ||","            local.fs.readFileSync(","                local.npmtest_nuxt.__dirname + '/lib.npmtest_nuxt.js',","                'utf8'","            ).replace((/^#!/), '//');","        /* jslint-ignore-end */","        local.assetsDict['/favicon.ico'] = local.assetsDict['/favicon.ico'] || '';","        // if $npm_config_timeout_exit exists,","        // then exit this process after $npm_config_timeout_exit ms","        if (Number(process.env.npm_config_timeout_exit)) {","            setTimeout(process.exit, Number(process.env.npm_config_timeout_exit));","        }","        // start server","        if (local.global.utility2_serverHttp1) {","            break;","        }","        process.env.PORT = process.env.PORT || '8081';","        console.error('server starting on port ' + process.env.PORT);","        local.http.createServer(function (request, response) {","            request.urlParsed = local.url.parse(request.url);","            if (local.assetsDict[request.urlParsed.pathname] !== undefined) {","                response.end(local.assetsDict[request.urlParsed.pathname]);","                return;","            }","            response.statusCode = 404;","            response.end();","        }).listen(process.env.PORT);","        break;","    }","}());",""],"l":{"26":2,"28":2,"33":2,"35":2,"37":2,"38":2,"39":2,"44":1,"51":2,"55":2,"59":2,"61":2,"69":1,"70":2,"76":2,"79":2,"82":2,"83":2,"85":1,"89":2,"92":1,"93":1,"94":1,"96":1,"97":1,"100":1,"101":1,"103":1,"106":1,"108":2,"114":1,"116":1,"118":1,"123":1,"124":2,"125":2,"126":3,"127":3,"128":3,"129":3,"130":1,"133":3,"134":3,"139":3,"143":1,"144":3,"145":1,"149":1,"150":1,"158":1,"160":1,"161":1,"162":1,"164":1,"166":1,"258":1,"259":1,"271":1,"274":6,"275":6,"277":1,"279":2,"281":1,"283":2,"288":1,"289":1,"291":1,"296":1,"303":1,"306":1,"307":1,"310":1,"311":1,"313":1,"314":1,"315":1,"316":1,"317":1,"318":1,"319":1,"321":1,"322":1,"324":1}},"/home/travis/build/npmtest/node-npmtest-nuxt/node_modules/nuxt/index.js":{"path":"/home/travis/build/npmtest/node-npmtest-nuxt/node_modules/nuxt/index.js","s":{"1":4,"2":4,"3":0},"b":{"1":[0,0]},"f":{},"fnMap":{},"statementMap":{"1":{"start":{"line":8,"column":0},"end":{"line":8,"column":28}},"2":{"start":{"line":10,"column":0},"end":{"line":10,"column":36}},"3":{"start":{"line":12,"column":0},"end":{"line":12,"column":51}}},"branchMap":{"1":{"line":12,"type":"cond-expr","locations":[{"start":{"line":12,"column":32},"end":{"line":12,"column":44}},{"start":{"line":12,"column":47},"end":{"line":12,"column":51}}]}},"code":["/*","** Nuxt.js","** Made by Chopin Brothers","** @Atinux & @alexchopin","*/","","// Until babel-loader 7 is released","process.noDeprecation = true","","var Nuxt = require('./dist/nuxt.js')","","module.exports = Nuxt.default ? Nuxt.default : Nuxt",""],"l":{"8":4,"10":4,"12":0}},"/home/travis/build/npmtest/node-npmtest-nuxt/node_modules/nuxt/dist/nuxt.js":{"path":"/home/travis/build/npmtest/node-npmtest-nuxt/node_modules/nuxt/dist/nuxt.js","s":{"1":4,"2":4,"3":1,"4":168,"5":56,"6":112,"7":112,"8":96,"9":96,"10":4,"11":4,"12":4,"13":0,"14":4,"15":140,"16":140,"17":4,"18":140,"19":4,"20":4,"21":140,"22":140,"23":4,"24":140,"25":4,"26":4,"27":4,"28":4,"29":4,"30":4,"31":4,"32":4,"33":4,"34":4,"35":4,"36":4,"37":4,"38":4,"39":4,"40":4,"41":4,"42":1,"43":0,"44":1,"45":0,"46":1,"47":0,"48":1,"49":0,"50":0,"51":0,"52":0,"53":0,"54":0,"55":1,"56":0,"57":1,"58":0,"59":1,"60":0,"61":0,"62":0,"63":0,"64":0,"65":0,"66":0,"67":0,"68":0,"69":0,"70":0,"71":0,"72":4,"73":4,"74":4,"75":4,"76":4,"77":4,"78":4,"79":0,"80":4,"81":4,"82":4,"83":0,"84":0,"85":0,"86":0,"87":0,"88":0,"89":0,"90":0,"91":0,"92":0,"93":0,"94":0,"95":4,"96":4,"97":4,"98":4,"99":4,"100":4,"101":4,"102":4,"103":4,"104":4,"105":4,"106":4,"107":4,"108":4,"109":4,"110":4,"111":4,"112":4,"113":4,"114":4,"115":4,"116":4,"117":4,"118":4,"119":4,"120":4,"121":4,"122":4,"123":4,"124":4,"125":4,"126":4,"127":4,"128":4,"129":4,"130":4,"131":0,"132":0,"133":0,"134":0,"135":0,"136":0,"137":0,"138":0,"139":0,"140":0,"141":0,"142":0,"143":0,"144":0,"145":0,"146":0,"147":0,"148":0,"149":0,"150":0,"151":0,"152":0,"153":0,"154":0,"155":0,"156":0,"157":0,"158":0,"159":0,"160":0,"161":1,"162":0,"163":0,"164":0,"165":0,"166":0,"167":0,"168":0,"169":0,"170":0,"171":0,"172":0,"173":0,"174":0,"175":0,"176":0,"177":0,"178":1,"179":0,"180":0,"181":0,"182":0,"183":0,"184":0,"185":0,"186":0,"187":0,"188":0,"189":0,"190":0,"191":0,"192":0,"193":0,"194":0,"195":0,"196":0,"197":0,"198":0,"199":0,"200":0,"201":0,"202":0,"203":0,"204":1,"205":0,"206":0,"207":0,"208":0,"209":0,"210":0,"211":0,"212":0,"213":0,"214":0,"215":0,"216":0,"217":0,"218":0,"219":0,"220":0,"221":0,"222":1,"223":0,"224":0,"225":0,"226":1,"227":0,"228":0,"229":0,"230":0,"231":0,"232":0,"233":0,"234":0,"235":0,"236":0,"237":0,"238":0,"239":0,"240":0,"241":0,"242":0,"243":0,"244":0,"245":0,"246":0,"247":0,"248":0,"249":0,"250":0,"251":0,"252":0,"253":0,"254":0,"255":0,"256":0,"257":0,"258":0,"259":0,"260":0,"261":0,"262":0,"263":0,"264":0,"265":0,"266":0,"267":0,"268":0,"269":0,"270":0,"271":0,"272":0,"273":0,"274":0,"275":0,"276":0,"277":0,"278":1,"279":0,"280":0,"281":0,"282":0,"283":0,"284":0,"285":0,"286":0,"287":0,"288":0,"289":0,"290":0,"291":0,"292":0,"293":0,"294":0,"295":0,"296":0,"297":0,"298":0,"299":0,"300":0,"301":0,"302":0,"303":0,"304":0,"305":0,"306":0,"307":0,"308":0,"309":0,"310":0,"311":0,"312":0,"313":0,"314":0,"315":0,"316":0,"317":1,"318":0,"319":0,"320":0,"321":0,"322":0,"323":0,"324":0,"325":0,"326":0,"327":0,"328":0,"329":0,"330":0,"331":0,"332":0,"333":0,"334":0,"335":0,"336":0,"337":0,"338":0,"339":0,"340":0,"341":0,"342":0,"343":0,"344":0,"345":0,"346":0,"347":0,"348":0,"349":0,"350":1,"351":0,"352":0,"353":0,"354":0,"355":0,"356":0,"357":0,"358":0,"359":1,"360":0,"361":1,"362":0,"363":1,"364":0,"365":0,"366":0,"367":0,"368":0,"369":0,"370":0,"371":0,"372":0,"373":0,"374":0,"375":0,"376":0,"377":0,"378":0,"379":0,"380":0,"381":1,"382":0,"383":0,"384":0,"385":0,"386":0,"387":0,"388":0,"389":0,"390":0,"391":0,"392":0,"393":1,"394":0,"395":0,"396":0,"397":0,"398":0,"399":0,"400":0,"401":0,"402":0,"403":0,"404":0,"405":1,"406":0,"407":0,"408":0,"409":0,"410":0,"411":0,"412":0,"413":0,"414":0,"415":0,"416":0,"417":0,"418":0,"419":0,"420":1,"421":0,"422":0,"423":0,"424":0,"425":0,"426":0,"427":0,"428":1,"429":0,"430":0,"431":0,"432":0,"433":0,"434":0,"435":0,"436":0,"437":0,"438":0,"439":0,"440":0,"441":0,"442":0,"443":0,"444":0,"445":0,"446":0,"447":0,"448":0,"449":0,"450":0,"451":0,"452":0,"453":0,"454":0,"455":0,"456":0,"457":0,"458":0,"459":0,"460":0,"461":0,"462":0,"463":0,"464":0,"465":0,"466":0,"467":0,"468":0,"469":0,"470":0,"471":0,"472":0,"473":0,"474":0,"475":0,"476":0,"477":0,"478":0,"479":0,"480":0,"481":0,"482":0,"483":0,"484":0,"485":0,"486":0,"487":0,"488":0,"489":0,"490":0,"491":0,"492":0,"493":0,"494":0,"495":0,"496":0,"497":0,"498":0,"499":0,"500":0,"501":0,"502":0,"503":0,"504":0,"505":0,"506":0,"507":0,"508":0,"509":0,"510":0,"511":0,"512":0,"513":0,"514":0,"515":0,"516":0,"517":0,"518":0,"519":0,"520":0,"521":0,"522":0,"523":0,"524":0,"525":0,"526":0,"527":0,"528":0,"529":0,"530":0,"531":0,"532":0,"533":0,"534":0,"535":0,"536":0,"537":0,"538":0,"539":0,"540":0,"541":0,"542":0,"543":0,"544":0,"545":0,"546":0,"547":0,"548":0,"549":1,"550":0,"551":0,"552":0,"553":0,"554":0,"555":0,"556":0,"557":0,"558":0,"559":0,"560":0,"561":0,"562":0,"563":0,"564":0,"565":0,"566":0,"567":0,"568":0,"569":0,"570":0,"571":0,"572":0,"573":0,"574":0,"575":0,"576":0,"577":0,"578":0,"579":0,"580":0,"581":0,"582":0,"583":0,"584":0,"585":0,"586":0,"587":0,"588":0,"589":0,"590":0,"591":0,"592":0,"593":0,"594":0,"595":0,"596":0,"597":0,"598":0,"599":0,"600":0,"601":0,"602":0,"603":0,"604":0,"605":0,"606":0,"607":0,"608":0,"609":0,"610":0,"611":0,"612":0,"613":1,"614":0,"615":0,"616":0,"617":0,"618":0,"619":0,"620":0,"621":0,"622":0,"623":0,"624":0,"625":0,"626":0,"627":0,"628":0,"629":0,"630":0,"631":0,"632":0,"633":0,"634":0,"635":0,"636":0,"637":0,"638":0,"639":1,"640":0,"641":0,"642":0,"643":0,"644":0,"645":0,"646":0,"647":0,"648":0,"649":0,"650":0,"651":0,"652":0,"653":0,"654":0,"655":0,"656":0,"657":0,"658":0,"659":0,"660":0,"661":0,"662":0,"663":4,"664":4,"665":4,"666":4,"667":4,"668":4,"669":1,"670":0,"671":0,"672":0,"673":0,"674":4,"675":0,"676":0,"677":0,"678":0,"679":0,"680":0,"681":0,"682":0,"683":4,"684":4,"685":4,"686":0,"687":4,"688":4,"689":4,"690":4,"691":4,"692":4,"693":4,"694":4,"695":4,"696":4,"697":4,"698":4,"699":4,"700":4,"701":4,"702":4,"703":4,"704":4,"705":4,"706":4,"707":4,"708":0,"709":0,"710":0,"711":0,"712":0,"713":0,"714":0,"715":0,"716":1,"717":0,"718":0,"719":0,"720":0,"721":0,"722":0,"723":0,"724":0,"725":0,"726":0,"727":0,"728":0,"729":0,"730":0,"731":0,"732":0,"733":0,"734":0,"735":0,"736":0,"737":0,"738":0,"739":0,"740":0,"741":0,"742":0,"743":0,"744":0,"745":0,"746":0,"747":0,"748":0,"749":0,"750":0,"751":0,"752":0,"753":0,"754":0,"755":0,"756":0,"757":0,"758":0,"759":0,"760":0,"761":0,"762":0,"763":0,"764":0,"765":0,"766":0,"767":0,"768":0,"769":0,"770":0,"771":0,"772":0,"773":0,"774":0,"775":0,"776":0,"777":0,"778":4,"779":4,"780":4,"781":4,"782":4,"783":4,"784":4,"785":4,"786":4,"787":4,"788":4,"789":4,"790":4,"791":0,"792":0,"793":0,"794":0,"795":0,"796":0,"797":0,"798":0,"799":0,"800":0,"801":0,"802":0,"803":0,"804":0,"805":0,"806":0,"807":0,"808":0,"809":0,"810":0,"811":0,"812":0,"813":0,"814":0,"815":0,"816":0,"817":0,"818":0,"819":0,"820":0,"821":0,"822":0,"823":0,"824":0,"825":0,"826":0,"827":0,"828":0,"829":0,"830":0,"831":0,"832":0,"833":0,"834":0,"835":0,"836":0,"837":0,"838":0,"839":0,"840":0,"841":0,"842":0,"843":0,"844":0,"845":0,"846":0,"847":0,"848":0,"849":0,"850":0,"851":0,"852":0,"853":0,"854":0,"855":0,"856":0,"857":0,"858":0,"859":0,"860":0,"861":0,"862":0,"863":0,"864":0,"865":0,"866":0,"867":0,"868":0,"869":0,"870":0,"871":0,"872":0,"873":0,"874":0,"875":0,"876":0,"877":0,"878":0,"879":0,"880":0,"881":0,"882":0,"883":0,"884":4,"885":0,"886":4,"887":4,"888":0,"889":0,"890":4,"891":0,"892":4,"893":4,"894":0,"895":0,"896":0,"897":0,"898":4,"899":0,"900":0,"901":0,"902":4,"903":0,"904":0,"905":0,"906":0},"b":{"1":[56,112],"2":[140,0],"3":[56,84],"4":[140,140],"5":[0,0,0],"6":[0,0],"7":[0,0],"8":[0,0],"9":[0,0],"10":[0,0],"11":[0,0],"12":[0,0,0],"13":[0,0],"14":[0,0],"15":[0,0],"16":[0,0],"17":[0,0],"18":[0,0],"19":[0,0],"20":[0,0],"21":[0,0],"22":[0,0],"23":[0,0],"24":[0,0],"25":[0,0],"26":[0,0,0,0,0,0,0,0],"27":[0,0],"28":[0,0],"29":[0,0],"30":[0,0,0,0,0],"31":[0,0],"32":[0,0],"33":[0,0,0,0,0,0,0],"34":[0,0],"35":[0,0],"36":[0,0],"37":[0,0],"38":[0,0],"39":[0,0],"40":[0,0],"41":[0,0],"42":[0,0],"43":[0,0],"44":[0,0],"45":[0,0],"46":[0,0],"47":[0,0],"48":[0,0],"49":[0,0],"50":[0,0],"51":[0,0],"52":[0,0],"53":[0,0],"54":[0,0],"55":[0,0],"56":[0,0],"57":[0,0],"58":[0,0],"59":[0,0],"60":[0,0],"61":[0,0],"62":[0,0],"63":[0,0],"64":[0,0],"65":[0,0],"66":[0,0],"67":[0,0],"68":[0,0],"69":[0,0],"70":[0,0],"71":[0,0],"72":[0,0],"73":[0,0],"74":[0,0],"75":[0,0],"76":[0,0],"77":[0,0],"78":[0,0],"79":[0,0],"80":[0,0],"81":[0,0],"82":[0,0],"83":[0,0],"84":[0,0],"85":[0,0],"86":[0,0],"87":[0,0],"88":[0,0],"89":[0,0,0],"90":[0,0,0],"91":[0,0],"92":[0,0],"93":[0,0],"94":[0,0],"95":[0,0],"96":[0,0],"97":[0,0],"98":[0,0],"99":[0,0],"100":[0,0],"101":[0,0],"102":[0,0,0,0,0,0,0,0,0],"103":[0,0],"104":[0,0],"105":[0,0],"106":[0,0,0,0],"107":[0,0],"108":[0,0,0,0,0],"109":[0,0],"110":[0,0],"111":[0,0],"112":[0,0],"113":[0,0,0,0,0,0,0,0],"114":[0,0],"115":[0,0],"116":[0,0],"117":[0,0],"118":[0,0],"119":[0,0],"120":[0,0],"121":[0,0],"122":[0,0,0],"123":[0,0],"124":[0,0],"125":[0,0],"126":[0,0],"127":[0,0],"128":[0,0],"129":[0,0,0,0],"130":[0,0],"131":[0,0],"132":[0,0],"133":[0,0],"134":[0,0],"135":[0,0],"136":[0,0],"137":[0,0],"138":[0,0],"139":[0,0],"140":[0,0],"141":[0,0],"142":[0,0],"143":[0,0],"144":[0,0],"145":[0,0],"146":[0,0],"147":[0,0],"148":[0,0],"149":[0,0],"150":[0,0],"151":[0,0],"152":[0,0],"153":[0,0],"154":[0,0],"155":[0,0],"156":[0,0],"157":[0,0],"158":[0,0],"159":[0,0,0],"160":[0,0],"161":[0,0],"162":[0,0],"163":[0,0],"164":[0,0],"165":[0,0],"166":[0,0],"167":[0,0],"168":[0,0],"169":[0,0],"170":[0,0],"171":[0,0],"172":[0,0],"173":[0,0],"174":[0,0],"175":[0,0],"176":[0,0],"177":[0,0],"178":[0,0],"179":[0,0],"180":[0,0],"181":[0,0],"182":[0,0],"183":[0,0],"184":[0,0]},"f":{"1":4,"2":168,"3":0,"4":140,"5":140,"6":4,"7":4,"8":140,"9":4,"10":4,"11":4,"12":0,"13":0,"14":0,"15":0,"16":0,"17":0,"18":0,"19":0,"20":0,"21":0,"22":0,"23":4,"24":4,"25":4,"26":4,"27":4,"28":4,"29":4,"30":0,"31":4,"32":4,"33":4,"34":0,"35":0,"36":4,"37":4,"38":4,"39":0,"40":0,"41":0,"42":0,"43":0,"44":0,"45":0,"46":0,"47":0,"48":0,"49":0,"50":0,"51":0,"52":0,"53":0,"54":0,"55":0,"56":0,"57":0,"58":0,"59":0,"60":0,"61":0,"62":0,"63":0,"64":0,"65":0,"66":0,"67":0,"68":0,"69":0,"70":0,"71":0,"72":0,"73":0,"74":0,"75":0,"76":0,"77":0,"78":0,"79":0,"80":0,"81":0,"82":0,"83":0,"84":0,"85":0,"86":0,"87":0,"88":0,"89":0,"90":0,"91":0,"92":0,"93":0,"94":0,"95":0,"96":0,"97":0,"98":0,"99":0,"100":0,"101":0,"102":0,"103":0,"104":0,"105":0,"106":0,"107":0,"108":0,"109":0,"110":0,"111":0,"112":0,"113":0,"114":0,"115":0,"116":4,"117":4,"118":0,"119":0,"120":0,"121":0,"122":0,"123":4,"124":0,"125":4,"126":0,"127":0,"128":0,"129":0,"130":0,"131":0,"132":0,"133":0,"134":0,"135":0,"136":0,"137":4,"138":0,"139":0,"140":0,"141":0,"142":0,"143":0,"144":0,"145":0,"146":0,"147":0,"148":4,"149":0,"150":4,"151":4,"152":0,"153":0,"154":4,"155":0,"156":4,"157":4,"158":0,"159":0,"160":0,"161":0,"162":4,"163":0,"164":0,"165":0,"166":4,"167":0,"168":0,"169":0,"170":0},"fnMap":{"1":{"name":"(anonymous_1)","line":2,"loc":{"start":{"line":2,"column":10},"end":{"line":2,"column":28}}},"2":{"name":"__webpack_require__","line":7,"loc":{"start":{"line":7,"column":10},"end":{"line":7,"column":49}}},"3":{"name":"(anonymous_3)","line":38,"loc":{"start":{"line":38,"column":34},"end":{"line":38,"column":50}}},"4":{"name":"(anonymous_4)","line":41,"loc":{"start":{"line":41,"column":34},"end":{"line":41,"column":66}}},"5":{"name":"(anonymous_5)","line":52,"loc":{"start":{"line":52,"column":34},"end":{"line":52,"column":51}}},"6":{"name":"getDefault","line":54,"loc":{"start":{"line":54,"column":12},"end":{"line":54,"column":34}}},"7":{"name":"getModuleExports","line":55,"loc":{"start":{"line":55,"column":12},"end":{"line":55,"column":40}}},"8":{"name":"(anonymous_8)","line":61,"loc":{"start":{"line":61,"column":34},"end":{"line":61,"column":61}}},"9":{"name":"(anonymous_9)","line":72,"loc":{"start":{"line":72,"column":7},"end":{"line":72,"column":33}}},"10":{"name":"(anonymous_10)","line":78,"loc":{"start":{"line":78,"column":7},"end":{"line":78,"column":33}}},"11":{"name":"(anonymous_11)","line":84,"loc":{"start":{"line":84,"column":7},"end":{"line":84,"column":66}}},"12":{"name":"encodeHtml","line":106,"loc":{"start":{"line":106,"column":0},"end":{"line":106,"column":25}}},"13":{"name":"getContext","line":110,"loc":{"start":{"line":110,"column":0},"end":{"line":110,"column":30}}},"14":{"name":"setAnsiColors","line":114,"loc":{"start":{"line":114,"column":0},"end":{"line":114,"column":33}}},"15":{"name":"waitFor","line":127,"loc":{"start":{"line":127,"column":0},"end":{"line":127,"column":21}}},"16":{"name":"waitFor$","line":128,"loc":{"start":{"line":128,"column":80},"end":{"line":128,"column":108}}},"17":{"name":"(anonymous_17)","line":132,"loc":{"start":{"line":132,"column":117},"end":{"line":132,"column":136}}},"18":{"name":"urlJoin","line":144,"loc":{"start":{"line":144,"column":0},"end":{"line":144,"column":19}}},"19":{"name":"isUrl","line":148,"loc":{"start":{"line":148,"column":0},"end":{"line":148,"column":20}}},"20":{"name":"promisifyRoute","line":152,"loc":{"start":{"line":152,"column":0},"end":{"line":152,"column":28}}},"21":{"name":"(anonymous_21)","line":159,"loc":{"start":{"line":159,"column":85},"end":{"line":159,"column":112}}},"22":{"name":"(anonymous_22)","line":160,"loc":{"start":{"line":160,"column":9},"end":{"line":160,"column":37}}},"23":{"name":"(anonymous_23)","line":177,"loc":{"start":{"line":177,"column":7},"end":{"line":177,"column":33}}},"24":{"name":"(anonymous_24)","line":183,"loc":{"start":{"line":183,"column":7},"end":{"line":183,"column":33}}},"25":{"name":"(anonymous_25)","line":189,"loc":{"start":{"line":189,"column":7},"end":{"line":189,"column":33}}},"26":{"name":"(anonymous_26)","line":195,"loc":{"start":{"line":195,"column":7},"end":{"line":195,"column":33}}},"27":{"name":"(anonymous_27)","line":201,"loc":{"start":{"line":201,"column":7},"end":{"line":201,"column":33}}},"28":{"name":"(anonymous_28)","line":207,"loc":{"start":{"line":207,"column":7},"end":{"line":207,"column":33}}},"29":{"name":"(anonymous_29)","line":213,"loc":{"start":{"line":213,"column":7},"end":{"line":213,"column":33}}},"30":{"name":"(anonymous_30)","line":219,"loc":{"start":{"line":219,"column":7},"end":{"line":219,"column":33}}},"31":{"name":"(anonymous_31)","line":225,"loc":{"start":{"line":225,"column":7},"end":{"line":225,"column":33}}},"32":{"name":"(anonymous_32)","line":231,"loc":{"start":{"line":231,"column":7},"end":{"line":231,"column":33}}},"33":{"name":"(anonymous_33)","line":237,"loc":{"start":{"line":237,"column":7},"end":{"line":237,"column":33}}},"34":{"name":"(anonymous_34)","line":243,"loc":{"start":{"line":243,"column":7},"end":{"line":243,"column":66}}},"35":{"name":"(anonymous_35)","line":267,"loc":{"start":{"line":267,"column":57},"end":{"line":267,"column":73}}},"36":{"name":"(anonymous_36)","line":331,"loc":{"start":{"line":331,"column":7},"end":{"line":331,"column":33}}},"37":{"name":"(anonymous_37)","line":337,"loc":{"start":{"line":337,"column":7},"end":{"line":337,"column":33}}},"38":{"name":"(anonymous_38)","line":343,"loc":{"start":{"line":343,"column":7},"end":{"line":343,"column":66}}},"39":{"name":"normalize","line":416,"loc":{"start":{"line":416,"column":16},"end":{"line":416,"column":43}}},"40":{"name":"wp","line":419,"loc":{"start":{"line":419,"column":9},"end":{"line":419,"column":24}}},"41":{"name":"r","line":426,"loc":{"start":{"line":426,"column":8},"end":{"line":426,"column":21}}},"42":{"name":"options","line":471,"loc":{"start":{"line":471,"column":0},"end":{"line":471,"column":19}}},"43":{"name":"build","line":499,"loc":{"start":{"line":499,"column":0},"end":{"line":499,"column":17}}},"44":{"name":"build$","line":500,"loc":{"start":{"line":500,"column":80},"end":{"line":500,"column":106}}},"45":{"name":"buildFiles","line":551,"loc":{"start":{"line":551,"column":0},"end":{"line":551,"column":22}}},"46":{"name":"buildFiles$","line":552,"loc":{"start":{"line":552,"column":80},"end":{"line":552,"column":112}}},"47":{"name":"addAppTemplate","line":584,"loc":{"start":{"line":584,"column":0},"end":{"line":584,"column":26}}},"48":{"name":"generateRoutesAndFiles","line":593,"loc":{"start":{"line":593,"column":0},"end":{"line":593,"column":34}}},"49":{"name":"generateRoutesAndFiles$","line":597,"loc":{"start":{"line":597,"column":80},"end":{"line":597,"column":124}}},"50":{"name":"(anonymous_50)","line":610,"loc":{"start":{"line":610,"column":31},"end":{"line":610,"column":47}}},"51":{"name":"(anonymous_51)","line":640,"loc":{"start":{"line":640,"column":46},"end":{"line":640,"column":59}}},"52":{"name":"(anonymous_52)","line":686,"loc":{"start":{"line":686,"column":45},"end":{"line":686,"column":61}}},"53":{"name":"(anonymous_53)","line":687,"loc":{"start":{"line":687,"column":68},"end":{"line":687,"column":91}}},"54":{"name":"(anonymous_54)","line":696,"loc":{"start":{"line":696,"column":59},"end":{"line":696,"column":71}}},"55":{"name":"createRoutes","line":714,"loc":{"start":{"line":714,"column":0},"end":{"line":714,"column":37}}},"56":{"name":"(anonymous_56)","line":716,"loc":{"start":{"line":716,"column":16},"end":{"line":716,"column":32}}},"57":{"name":"(anonymous_57)","line":720,"loc":{"start":{"line":720,"column":17},"end":{"line":720,"column":35}}},"58":{"name":"(anonymous_58)","line":743,"loc":{"start":{"line":743,"column":16},"end":{"line":743,"column":32}}},"59":{"name":"cleanChildrenRoutes","line":770,"loc":{"start":{"line":770,"column":0},"end":{"line":770,"column":37}}},"60":{"name":"(anonymous_60)","line":775,"loc":{"start":{"line":775,"column":17},"end":{"line":775,"column":34}}},"61":{"name":"(anonymous_61)","line":784,"loc":{"start":{"line":784,"column":17},"end":{"line":784,"column":34}}},"62":{"name":"(anonymous_62)","line":792,"loc":{"start":{"line":792,"column":26},"end":{"line":792,"column":39}}},"63":{"name":"(anonymous_63)","line":809,"loc":{"start":{"line":809,"column":30},"end":{"line":809,"column":47}}},"64":{"name":"flatRoutes","line":820,"loc":{"start":{"line":820,"column":0},"end":{"line":820,"column":28}}},"65":{"name":"(anonymous_65)","line":824,"loc":{"start":{"line":824,"column":17},"end":{"line":824,"column":30}}},"66":{"name":"getWebpackClientConfig","line":836,"loc":{"start":{"line":836,"column":0},"end":{"line":836,"column":34}}},"67":{"name":"getWebpackServerConfig","line":840,"loc":{"start":{"line":840,"column":0},"end":{"line":840,"column":34}}},"68":{"name":"createWebpackMiddleware","line":844,"loc":{"start":{"line":844,"column":0},"end":{"line":844,"column":35}}},"69":{"name":"(anonymous_69)","line":852,"loc":{"start":{"line":852,"column":261},"end":{"line":852,"column":278}}},"70":{"name":"log","line":867,"loc":{"start":{"line":867,"column":9},"end":{"line":867,"column":24}}},"71":{"name":"(anonymous_71)","line":869,"loc":{"start":{"line":869,"column":32},"end":{"line":869,"column":44}}},"72":{"name":"webpackWatchAndUpdate","line":881,"loc":{"start":{"line":881,"column":0},"end":{"line":881,"column":33}}},"73":{"name":"(anonymous_73)","line":890,"loc":{"start":{"line":890,"column":82},"end":{"line":890,"column":97}}},"74":{"name":"webpackRunClient","line":896,"loc":{"start":{"line":896,"column":0},"end":{"line":896,"column":28}}},"75":{"name":"(anonymous_75)","line":899,"loc":{"start":{"line":899,"column":83},"end":{"line":899,"column":110}}},"76":{"name":"(anonymous_76)","line":902,"loc":{"start":{"line":902,"column":23},"end":{"line":902,"column":45}}},"77":{"name":"webpackRunServer","line":911,"loc":{"start":{"line":911,"column":0},"end":{"line":911,"column":28}}},"78":{"name":"(anonymous_78)","line":914,"loc":{"start":{"line":914,"column":83},"end":{"line":914,"column":110}}},"79":{"name":"(anonymous_79)","line":917,"loc":{"start":{"line":917,"column":23},"end":{"line":917,"column":45}}},"80":{"name":"(anonymous_80)","line":922,"loc":{"start":{"line":922,"column":40},"end":{"line":922,"column":58}}},"81":{"name":"createRenderer","line":930,"loc":{"start":{"line":930,"column":0},"end":{"line":930,"column":32}}},"82":{"name":"watchPages","line":947,"loc":{"start":{"line":947,"column":0},"end":{"line":947,"column":22}}},"83":{"name":"(anonymous_83)","line":955,"loc":{"start":{"line":955,"column":77},"end":{"line":955,"column":89}},"skip":true},"84":{"name":"(anonymous_84)","line":963,"loc":{"start":{"line":963,"column":7},"end":{"line":963,"column":66}}},"85":{"name":"(anonymous_85)","line":1022,"loc":{"start":{"line":1022,"column":57},"end":{"line":1022,"column":69}}},"86":{"name":"_callee","line":1035,"loc":{"start":{"line":1035,"column":123},"end":{"line":1035,"column":142}}},"87":{"name":"_callee$","line":1036,"loc":{"start":{"line":1036,"column":82},"end":{"line":1036,"column":110}}},"88":{"name":"(anonymous_88)","line":1079,"loc":{"start":{"line":1079,"column":11},"end":{"line":1079,"column":23}}},"89":{"name":"(anonymous_89)","line":1081,"loc":{"start":{"line":1081,"column":132},"end":{"line":1081,"column":145}}},"90":{"name":"(anonymous_90)","line":1087,"loc":{"start":{"line":1087,"column":10},"end":{"line":1087,"column":36}}},"91":{"name":"(anonymous_91)","line":1091,"loc":{"start":{"line":1091,"column":27},"end":{"line":1091,"column":44}}},"92":{"name":"_callee3","line":1097,"loc":{"start":{"line":1097,"column":125},"end":{"line":1097,"column":145}}},"93":{"name":"_callee3$","line":1098,"loc":{"start":{"line":1098,"column":84},"end":{"line":1098,"column":114}}},"94":{"name":"(anonymous_94)","line":1108,"loc":{"start":{"line":1108,"column":47},"end":{"line":1108,"column":64}}},"95":{"name":"_callee2","line":1109,"loc":{"start":{"line":1109,"column":137},"end":{"line":1109,"column":157}}},"96":{"name":"_callee2$","line":1112,"loc":{"start":{"line":1112,"column":96},"end":{"line":1112,"column":126}}},"97":{"name":"(anonymous_97)","line":1156,"loc":{"start":{"line":1156,"column":10},"end":{"line":1156,"column":27}}},"98":{"name":"(anonymous_98)","line":1161,"loc":{"start":{"line":1161,"column":10},"end":{"line":1161,"column":22}}},"99":{"name":"(anonymous_99)","line":1170,"loc":{"start":{"line":1170,"column":7},"end":{"line":1170,"column":66}}},"100":{"name":"render","line":1200,"loc":{"start":{"line":1200,"column":0},"end":{"line":1200,"column":26}}},"101":{"name":"(anonymous_101)","line":1209,"loc":{"start":{"line":1209,"column":85},"end":{"line":1209,"column":104}},"skip":true},"102":{"name":"(anonymous_102)","line":1210,"loc":{"start":{"line":1210,"column":17},"end":{"line":1210,"column":29}},"skip":true},"103":{"name":"_callee","line":1217,"loc":{"start":{"line":1217,"column":123},"end":{"line":1217,"column":142}}},"104":{"name":"_callee$","line":1219,"loc":{"start":{"line":1219,"column":82},"end":{"line":1219,"column":110}}},"105":{"name":"(anonymous_105)","line":1278,"loc":{"start":{"line":1278,"column":11},"end":{"line":1278,"column":23}}},"106":{"name":"(anonymous_106)","line":1285,"loc":{"start":{"line":1285,"column":10},"end":{"line":1285,"column":26}}},"107":{"name":"(anonymous_107)","line":1300,"loc":{"start":{"line":1300,"column":11},"end":{"line":1300,"column":26}}},"108":{"name":"renderRoute","line":1318,"loc":{"start":{"line":1318,"column":0},"end":{"line":1318,"column":26}}},"109":{"name":"_callee2","line":1327,"loc":{"start":{"line":1327,"column":123},"end":{"line":1327,"column":143}}},"110":{"name":"_callee2$","line":1329,"loc":{"start":{"line":1329,"column":82},"end":{"line":1329,"column":112}}},"111":{"name":"renderAndGetWindow","line":1373,"loc":{"start":{"line":1373,"column":0},"end":{"line":1373,"column":33}}},"112":{"name":"(anonymous_112)","line":1392,"loc":{"start":{"line":1392,"column":83},"end":{"line":1392,"column":110}}},"113":{"name":"done","line":1400,"loc":{"start":{"line":1400,"column":12},"end":{"line":1400,"column":39}}},"114":{"name":"(anonymous_114)","line":1403,"loc":{"start":{"line":1403,"column":26},"end":{"line":1403,"column":38}}},"115":{"name":"(anonymous_115)","line":1411,"loc":{"start":{"line":1411,"column":27},"end":{"line":1411,"column":39}}},"116":{"name":"(anonymous_116)","line":1421,"loc":{"start":{"line":1421,"column":7},"end":{"line":1421,"column":66}}},"117":{"name":"(anonymous_117)","line":1434,"loc":{"start":{"line":1434,"column":13},"end":{"line":1434,"column":25}}},"118":{"name":"Server","line":1435,"loc":{"start":{"line":1435,"column":2},"end":{"line":1435,"column":24}}},"119":{"name":"render","line":1445,"loc":{"start":{"line":1445,"column":11},"end":{"line":1445,"column":37}}},"120":{"name":"listen","line":1451,"loc":{"start":{"line":1451,"column":11},"end":{"line":1451,"column":39}}},"121":{"name":"(anonymous_121)","line":1454,"loc":{"start":{"line":1454,"column":37},"end":{"line":1454,"column":49}}},"122":{"name":"close","line":1461,"loc":{"start":{"line":1461,"column":11},"end":{"line":1461,"column":30}}},"123":{"name":"(anonymous_123)","line":1473,"loc":{"start":{"line":1473,"column":7},"end":{"line":1473,"column":33}}},"124":{"name":"(anonymous_124)","line":1479,"loc":{"start":{"line":1479,"column":7},"end":{"line":1479,"column":33}}},"125":{"name":"(anonymous_125)","line":1485,"loc":{"start":{"line":1485,"column":7},"end":{"line":1485,"column":66}}},"126":{"name":"(anonymous_126)","line":1535,"loc":{"start":{"line":1535,"column":11},"end":{"line":1535,"column":23}}},"127":{"name":"Nuxt","line":1536,"loc":{"start":{"line":1536,"column":2},"end":{"line":1536,"column":18}}},"128":{"name":"(anonymous_128)","line":1614,"loc":{"start":{"line":1614,"column":17},"end":{"line":1614,"column":29}}},"129":{"name":"close","line":1634,"loc":{"start":{"line":1634,"column":11},"end":{"line":1634,"column":36}}},"130":{"name":"(anonymous_130)","line":1640,"loc":{"start":{"line":1640,"column":90},"end":{"line":1640,"column":117}},"skip":true},"131":{"name":"(anonymous_131)","line":1641,"loc":{"start":{"line":1641,"column":44},"end":{"line":1641,"column":56}},"skip":true},"132":{"name":"(anonymous_132)","line":1649,"loc":{"start":{"line":1649,"column":91},"end":{"line":1649,"column":118}},"skip":true},"133":{"name":"(anonymous_133)","line":1650,"loc":{"start":{"line":1650,"column":44},"end":{"line":1650,"column":56}},"skip":true},"134":{"name":"_callee","line":1660,"loc":{"start":{"line":1660,"column":127},"end":{"line":1660,"column":146}}},"135":{"name":"_callee$","line":1661,"loc":{"start":{"line":1661,"column":86},"end":{"line":1661,"column":114}}},"136":{"name":"(anonymous_136)","line":1674,"loc":{"start":{"line":1674,"column":15},"end":{"line":1674,"column":27}}},"137":{"name":"(anonymous_137)","line":1687,"loc":{"start":{"line":1687,"column":7},"end":{"line":1687,"column":66}}},"138":{"name":"(anonymous_138)","line":1744,"loc":{"start":{"line":1744,"column":57},"end":{"line":1744,"column":69}}},"139":{"name":"(anonymous_139)","line":1762,"loc":{"start":{"line":1762,"column":88},"end":{"line":1762,"column":110}}},"140":{"name":"(anonymous_140)","line":1846,"loc":{"start":{"line":1846,"column":7},"end":{"line":1846,"column":66}}},"141":{"name":"(anonymous_141)","line":1883,"loc":{"start":{"line":1883,"column":57},"end":{"line":1883,"column":69}}},"142":{"name":"(anonymous_142)","line":1888,"loc":{"start":{"line":1888,"column":88},"end":{"line":1888,"column":110}}},"143":{"name":"(anonymous_143)","line":1945,"loc":{"start":{"line":1945,"column":7},"end":{"line":1945,"column":66}}},"144":{"name":"(anonymous_144)","line":1957,"loc":{"start":{"line":1957,"column":57},"end":{"line":1957,"column":73}}},"145":{"name":"(anonymous_145)","line":1984,"loc":{"start":{"line":1984,"column":7},"end":{"line":1984,"column":33}}},"146":{"name":"(anonymous_146)","line":2111,"loc":{"start":{"line":2111,"column":7},"end":{"line":2111,"column":33}}},"147":{"name":"(anonymous_147)","line":2117,"loc":{"start":{"line":2117,"column":7},"end":{"line":2117,"column":33}}},"148":{"name":"(anonymous_148)","line":2123,"loc":{"start":{"line":2123,"column":7},"end":{"line":2123,"column":33}}},"149":{"name":"(anonymous_149)","line":2129,"loc":{"start":{"line":2129,"column":7},"end":{"line":2129,"column":33}}},"150":{"name":"(anonymous_150)","line":2135,"loc":{"start":{"line":2135,"column":7},"end":{"line":2135,"column":33}}},"151":{"name":"(anonymous_151)","line":2141,"loc":{"start":{"line":2141,"column":7},"end":{"line":2141,"column":33}}},"152":{"name":"(anonymous_152)","line":2147,"loc":{"start":{"line":2147,"column":7},"end":{"line":2147,"column":33}}},"153":{"name":"(anonymous_153)","line":2153,"loc":{"start":{"line":2153,"column":7},"end":{"line":2153,"column":33}}},"154":{"name":"(anonymous_154)","line":2159,"loc":{"start":{"line":2159,"column":7},"end":{"line":2159,"column":33}}},"155":{"name":"(anonymous_155)","line":2165,"loc":{"start":{"line":2165,"column":7},"end":{"line":2165,"column":33}}},"156":{"name":"(anonymous_156)","line":2171,"loc":{"start":{"line":2171,"column":7},"end":{"line":2171,"column":33}}},"157":{"name":"(anonymous_157)","line":2177,"loc":{"start":{"line":2177,"column":7},"end":{"line":2177,"column":33}}},"158":{"name":"(anonymous_158)","line":2183,"loc":{"start":{"line":2183,"column":7},"end":{"line":2183,"column":33}}},"159":{"name":"(anonymous_159)","line":2189,"loc":{"start":{"line":2189,"column":7},"end":{"line":2189,"column":33}}},"160":{"name":"(anonymous_160)","line":2195,"loc":{"start":{"line":2195,"column":7},"end":
[...]
"^2.3.1\",","\t\t\"webpack-dev-middleware\": \"^1.10.1\",","\t\t\"webpack-hot-middleware\": \"^2.18.0\"","\t},","\t\"devDependencies\": {","\t\t\"ava\": \"^0.19.0\",","\t\t\"babel-eslint\": \"^7.2.1\",","\t\t\"babel-plugin-array-includes\": \"^2.0.3\",","\t\t\"babel-plugin-transform-async-to-generator\": \"^6.22.0\",","\t\t\"babel-plugin-transform-runtime\": \"^6.23.0\",","\t\t\"babel-preset-stage-2\": \"^6.22.0\",","\t\t\"codecov\": \"^2.1.0\",","\t\t\"copy-webpack-plugin\": \"^4.0.1\",","\t\t\"eslint\": \"^3.19.0\",","\t\t\"eslint-config-standard\": \"^10.0.0\",","\t\t\"eslint-plugin-html\": \"^2.0.1\",","\t\t\"eslint-plugin-import\": \"^2.2.0\",","\t\t\"eslint-plugin-node\": \"^4.2.2\",","\t\t\"eslint-plugin-promise\": \"^3.5.0\",","\t\t\"eslint-plugin-standard\": \"^3.0.1\",","\t\t\"finalhandler\": \"^1.0.1\",","\t\t\"jsdom\": \"^9.12.0\",","\t\t\"json-loader\": \"^0.5.4\",","\t\t\"nyc\": \"^10.2.0\",","\t\t\"request\": \"^2.81.0\",","\t\t\"request-promise-native\": \"^1.0.3\",","\t\t\"webpack-node-externals\": \"^1.5.4\"","\t}","};","","/***/ }),","/* 28 */","/***/ (function(module, exports) {","","module.exports = require(\"ansi-html\");","","/***/ }),","/* 29 */","/***/ (function(module, exports) {","","module.exports = require(\"autoprefixer\");","","/***/ }),","/* 30 */","/***/ (function(module, exports) {","","module.exports = require(\"babel-runtime/core-js/array/from\");","","/***/ }),","/* 31 */","/***/ (function(module, exports) {","","module.exports = require(\"babel-runtime/core-js/object/keys\");","","/***/ }),","/* 32 */","/***/ (function(module, exports) {","","module.exports = require(\"chokidar\");","","/***/ }),","/* 33 */","/***/ (function(module, exports) {","","module.exports = require(\"friendly-errors-webpack-plugin\");","","/***/ }),","/* 34 */","/***/ (function(module, exports) {","","module.exports = require(\"fs\");","","/***/ }),","/* 35 */","/***/ (function(module, exports) {","","module.exports = require(\"glob\");","","/***/ }),","/* 36 */","/***/ (function(module, exports) {","","module.exports = require(\"hash-sum\");","","/***/ }),","/* 37 */","/***/ (function(module, exports) {","","module.exports = require(\"html-minifier\");","","/***/ }),","/* 38 */","/***/ (function(module, exports) {","","module.exports = require(\"html-webpack-plugin\");","","/***/ }),","/* 39 */","/***/ (function(module, exports) {","","module.exports = require(\"http\");","","/***/ }),","/* 40 */","/***/ (function(module, exports) {","","module.exports = require(\"jsdom\");","","/***/ }),","/* 41 */","/***/ (function(module, exports) {","","module.exports = require(\"lru-cache\");","","/***/ }),","/* 42 */","/***/ (function(module, exports) {","","module.exports = require(\"memory-fs\");","","/***/ }),","/* 43 */","/***/ (function(module, exports) {","","module.exports = require(\"offline-plugin\");","","/***/ }),","/* 44 */","/***/ (function(module, exports) {","","module.exports = require(\"post-compile-webpack-plugin\");","","/***/ }),","/* 45 */","/***/ (function(module, exports) {","","module.exports = require(\"preload-webpack-plugin\");","","/***/ }),","/* 46 */","/***/ (function(module, exports) {","","module.exports = require(\"progress-bar-webpack-plugin\");","","/***/ }),","/* 47 */","/***/ (function(module, exports) {","","module.exports = require(\"script-ext-html-webpack-plugin\");","","/***/ }),","/* 48 */","/***/ (function(module, exports) {","","module.exports = require(\"vue-server-renderer\");","","/***/ }),","/* 49 */","/***/ (function(module, exports) {","","module.exports = require(\"vue-ssr-webpack-plugin\");","","/***/ }),","/* 50 */","/***/ (function(module, exports) {","","module.exports = require(\"webpack-bundle-analyzer\");","","/***/ }),","/* 51 */","/***/ (function(module, exports) {","","module.exports = require(\"webpack-dev-middleware\");","","/***/ }),","/* 52 */","/***/ (function(module, exports) {","","module.exports = require(\"webpack-hot-middleware\");","","/***/ })","/******/ ]);","//# sourceMappingURL=nuxt.js.map"],"l":{"1":4,"4":4,"7":1,"10":168,"11":56,"14":112,"21":112,"24":96,"27":96,"32":4,"35":4,"38":4,"41":4,"42":140,"43":140,"52":4,"53":140,"54":4,"55":4,"56":140,"57":140,"61":140,"64":4,"67":4,"74":4,"80":4,"87":4,"88":4,"89":4,"90":4,"91":4,"92":4,"93":4,"94":4,"95":4,"96":4,"97":4,"98":4,"104":4,"106":1,"107":0,"110":1,"111":0,"114":1,"115":0,"127":1,"128":0,"129":0,"130":0,"132":0,"133":0,"138":0,"144":1,"145":0,"148":1,"149":0,"152":1,"154":0,"155":0,"158":0,"159":0,"160":0,"161":0,"162":0,"164":0,"168":0,"169":0,"170":0,"172":0,"179":4,"185":4,"191":4,"197":4,"203":4,"209":4,"215":4,"221":0,"227":4,"233":4,"239":4,"246":0,"247":0,"248":0,"249":0,"250":0,"251":0,"267":0,"268":0,"271":0,"272":0,"324":0,"326":0,"333":4,"339":4,"346":4,"347":4,"348":4,"349":4,"350":4,"351":4,"352":4,"353":4,"354":4,"355":4,"356":4,"357":4,"358":4,"359":4,"360":4,"361":4,"362":4,"363":4,"364":4,"365":4,"366":4,"367":4,"368":4,"369":4,"370":4,"371":4,"372":4,"373":4,"374":4,"375":4,"376":4,"377":4,"378":4,"379":4,"380":0,"381":0,"382":0,"391":0,"407":0,"408":0,"409":0,"410":0,"411":0,"412":0,"413":0,"414":0,"415":0,"416":0,"417":0,"419":0,"421":0,"422":1,"424":0,"426":0,"427":0,"428":0,"429":0,"431":0,"432":0,"434":0,"436":0,"438":0,"452":0,"467":0,"471":1,"473":0,"474":0,"475":0,"476":0,"478":0,"479":1,"482":0,"483":0,"489":0,"490":0,"491":0,"492":0,"493":0,"494":0,"499":1,"500":0,"501":0,"502":0,"505":0,"506":0,"507":0,"509":0,"511":0,"513":0,"514":0,"516":0,"517":0,"520":0,"521":0,"524":0,"525":0,"526":0,"529":0,"530":0,"533":0,"534":0,"537":0,"538":0,"541":0,"545":0,"551":1,"552":0,"553":0,"554":0,"556":0,"557":0,"558":0,"561":0,"562":0,"563":0,"564":0,"565":0,"566":0,"569":0,"570":0,"571":0,"574":0,"578":0,"584":1,"585":0,"586":0,"587":0,"593":1,"594":0,"596":0,"597":0,"598":0,"599":0,"601":0,"603":0,"604":0,"605":0,"608":0,"610":0,"611":0,"612":0,"613":0,"615":0,"616":0,"619":0,"622":0,"624":0,"625":0,"641":0,"642":0,"644":0,"656":0,"657":0,"659":0,"662":0,"663":0,"664":0,"665":0,"669":0,"670":0,"671":0,"674":0,"675":0,"678":0,"679":0,"683":0,"684":0,"686":0,"687":0,"688":0,"694":0,"695":0,"696":0,"698":0,"699":0,"703":0,"704":0,"708":0,"714":1,"715":0,"716":0,"717":0,"718":0,"719":0,"720":0,"721":0,"722":0,"723":0,"724":0,"725":0,"726":0,"728":0,"729":0,"731":0,"732":0,"734":0,"735":0,"736":0,"742":0,"743":0,"744":0,"745":0,"747":0,"748":0,"750":0,"751":0,"752":0,"753":0,"754":0,"755":0,"757":0,"758":0,"759":0,"760":0,"761":0,"764":0,"767":0,"770":1,"771":0,"773":0,"774":0,"775":0,"776":0,"778":0,"779":0,"780":0,"781":0,"784":0,"785":0,"786":0,"787":0,"788":0,"789":0,"790":0,"792":0,"793":0,"794":0,"795":0,"796":0,"797":0,"799":0,"800":0,"805":0,"807":0,"808":0,"809":0,"810":0,"812":0,"814":0,"817":0,"820":1,"821":0,"822":0,"824":0,"825":0,"826":0,"827":0,"829":0,"833":0,"836":1,"837":0,"840":1,"841":0,"844":1,"845":0,"847":0,"848":0,"849":0,"851":0,"852":0,"853":0,"854":0,"857":0,"859":0,"866":0,"869":0,"870":0,"871":0,"872":0,"873":0,"874":0,"881":1,"882":0,"884":0,"885":0,"886":0,"887":0,"888":0,"889":0,"890":0,"891":0,"892":0,"896":1,"897":0,"899":0,"900":0,"901":0,"902":0,"903":0,"904":0,"905":0,"906":0,"911":1,"912":0,"914":0,"915":0,"916":0,"917":0,"918":0,"919":0,"920":0,"921":0,"922":0,"923":0,"924":0,"930":1,"932":0,"933":0,"934":0,"935":0,"940":0,"943":0,"944":0,"947":1,"948":0,"950":0,"951":0,"955":1,"956":1,"958":0,"966":0,"967":0,"968":0,"969":0,"970":0,"971":0,"972":0,"973":0,"974":0,"975":0,"976":0,"977":0,"978":0,"979":0,"980":0,"991":0,"992":0,"993":0,"994":0,"995":0,"997":0,"1022":0,"1023":0,"1025":0,"1029":0,"1030":0,"1031":0,"1032":0,"1033":0,"1034":0,"1035":0,"1036":0,"1037":0,"1038":0,"1040":0,"1041":0,"1044":0,"1045":0,"1046":0,"1049":0,"1050":0,"1051":0,"1054":0,"1055":0,"1058":0,"1059":0,"1060":0,"1063":0,"1064":0,"1067":0,"1068":0,"1071":0,"1075":0,"1081":0,"1082":0,"1083":0,"1084":0,"1085":0,"1091":0,"1092":0,"1093":0,"1096":0,"1097":0,"1098":0,"1099":0,"1100":0,"1102":0,"1103":0,"1104":0,"1107":0,"1108":0,"1109":0,"1110":0,"1112":0,"1113":0,"1114":0,"1116":0,"1117":0,"1120":0,"1121":0,"1123":0,"1124":0,"1126":0,"1127":0,"1129":0,"1130":0,"1133":0,"1134":0,"1138":0,"1146":0,"1147":0,"1151":0,"1159":0,"1160":0,"1162":0,"1163":0,"1164":0,"1173":0,"1174":0,"1175":0,"1176":0,"1177":0,"1178":0,"1179":0,"1180":0,"1181":0,"1182":0,"1183":0,"1184":0,"1185":0,"1186":0,"1195":0,"1197":0,"1198":0,"1200":1,"1201":0,"1203":0,"1204":0,"1205":0,"1208":0,"1209":1,"1210":1,"1211":1,"1215":0,"1216":0,"1217":0,"1218":0,"1219":0,"1220":0,"1221":0,"1223":0,"1225":0,"1226":0,"1227":0,"1230":0,"1231":0,"1234":0,"1235":0,"1238":0,"1239":0,"1240":0,"1243":0,"1244":0,"1248":0,"1250":0,"1253":0,"1254":0,"1257":0,"1258":0,"1259":0,"1262":0,"1264":0,"1265":0,"1266":0,"1270":1,"1274":0,"1280":0,"1281":1,"1282":1,"1284":0,"1286":0,"1290":0,"1291":0,"1293":0,"1294":0,"1296":0,"1297":0,"1298":0,"1299":0,"1302":0,"1303":1,"1304":1,"1306":0,"1310":0,"1311":0,"1312":0,"1313":0,"1314":0,"1318":1,"1319":0,"1321":0,"1323":0,"1324":0,"1326":0,"1327":0,"1328":0,"1329":0,"1330":0,"1331":0,"1333":0,"1334":0,"1337":0,"1339":0,"1340":0,"1342":0,"1343":0,"1345":0,"1346":0,"1348":0,"1349":0,"1350":0,"1356":0,"1364":0,"1372":0,"1373":1,"1374":0,"1377":0,"1378":1,"1379":1,"1381":1,"1382":1,"1383":1,"1384":1,"1387":0,"1388":0,"1389":0,"1391":0,"1392":0,"1393":0,"1401":0,"1403":0,"1405":0,"1406":0,"1407":0,"1408":0,"1411":0,"1412":0,"1424":4,"1425":4,"1426":4,"1427":4,"1432":4,"1434":4,"1435":1,"1436":0,"1438":0,"1439":0,"1440":0,"1443":4,"1446":0,"1447":0,"1452":0,"1453":0,"1454":0,"1455":0,"1457":0,"1462":0,"1466":4,"1469":4,"1475":4,"1481":0,"1488":4,"1489":4,"1490":4,"1491":4,"1492":4,"1493":4,"1494":4,"1495":4,"1496":4,"1497":4,"1498":4,"1499":4,"1500":4,"1501":4,"1502":4,"1503":4,"1504":4,"1505":4,"1506":4,"1507":4,"1508":4,"1509":0,"1510":0,"1511":0,"1512":0,"1513":0,"1514":0,"1515":0,"1535":0,"1536":1,"1537":0,"1539":0,"1541":0,"1543":0,"1581":0,"1582":0,"1583":0,"1584":0,"1586":0,"1587":0,"1588":0,"1590":0,"1591":0,"1594":0,"1595":0,"1596":0,"1599":0,"1601":0,"1603":0,"1607":0,"1608":0,"1611":0,"1613":0,"1614":0,"1615":0,"1618":0,"1622":0,"1623":0,"1624":0,"1626":0,"1628":0,"1629":0,"1632":0,"1635":0,"1637":0,"1639":0,"1640":1,"1641":1,"1642":1,"1645":1,"1648":0,"1649":1,"1650":1,"1651":1,"1654":1,"1657":0,"1658":1,"1660":0,"1661":0,"1662":0,"1663":0,"1665":0,"1666":0,"1670":0,"1675":0,"1680":0,"1683":0,"1690":4,"1691":4,"1692":4,"1693":4,"1694":4,"1695":4,"1696":4,"1697":4,"1698":4,"1699":4,"1700":4,"1701":4,"1702":4,"1703":0,"1704":0,"1705":0,"1706":0,"1707":0,"1708":0,"1709":0,"1710":0,"1711":0,"1712":0,"1713":0,"1714":0,"1715":0,"1716":0,"1744":0,"1745":0,"1748":0,"1751":0,"1752":0,"1754":0,"1757":0,"1758":0,"1761":0,"1762":0,"1763":0,"1766":0,"1794":0,"1796":0,"1801":0,"1803":0,"1804":0,"1807":0,"1808":0,"1822":0,"1823":0,"1829":0,"1830":0,"1831":0,"1834":0,"1835":0,"1836":0,"1837":0,"1839":0,"1841":0,"1849":0,"1850":0,"1851":0,"1852":0,"1853":0,"1854":0,"1855":0,"1856":0,"1857":0,"1858":0,"1859":0,"1860":0,"1861":0,"1862":0,"1863":0,"1864":0,"1865":0,"1883":0,"1884":0,"1887":0,"1888":0,"1889":0,"1892":0,"1915":0,"1916":0,"1921":0,"1922":0,"1923":0,"1924":0,"1925":0,"1926":0,"1927":0,"1930":0,"1931":0,"1934":0,"1935":0,"1940":0,"1948":0,"1949":0,"1950":0,"1951":0,"1957":0,"1958":0,"1960":0,"1965":0,"1979":0,"1986":0,"2113":0,"2119":0,"2125":4,"2131":0,"2137":4,"2143":4,"2149":0,"2155":0,"2161":4,"2167":0,"2173":4,"2179":4,"2185":0,"2191":0,"2197":0,"2203":0,"2209":4,"2215":0,"2221":0,"2227":0,"2233":4,"2239":0,"2245":0,"2251":0,"2257":0}},"/home/travis/build/npmtest/node-npmtest-nuxt/node_modules/nuxt/bin/nuxt":{"path":"/home/travis/build/npmtest/node-npmtest-nuxt/node_modules/nuxt/bin/nuxt","s":{"1":2,"2":2,"3":2,"4":2,"5":2,"6":0,"7":2,"8":2,"9":2},"b":{"1":[0,2]},"f":{},"fnMap":{},"statementMap":{"1":{"start":{"line":3,"column":0},"end":{"line":3,"column":31}},"2":{"start":{"line":5,"column":0},"end":{"line":5,"column":26}},"3":{"start":{"line":6,"column":0},"end":{"line":12,"column":2}},"4":{"start":{"line":14,"column":0},"end":{"line":14,"column":25}},"5":{"start":{"line":16,"column":0},"end":{"line":20,"column":1}},"6":{"start":{"line":17,"column":2},"end":{"line":17,"column":27}},"7":{"start":{"line":19,"column":2},"end":{"line":19,"column":22}},"8":{"start":{"line":22,"column":0},"end":{"line":22,"column":40}},"9":{"start":{"line":24,"column":0},"end":{"line":24,"column":12}}},"branchMap":{"1":{"line":16,"type":"if","locations":[{"start":{"line":16,"column":0},"end":{"line":16,"column":0}},{"start":{"line":16,"column":0},"end":{"line":16,"column":0}}]}},"code":["//#!/usr/bin/env node","","var join = require('path').join","","var defaultCommand = 'dev'","var commands = new Set([","  defaultCommand,","  'init',","  'build',","  'start',","  'generate'","])","","var cmd = process.argv[2]","","if (commands.has(cmd)) {","  process.argv.splice(2, 1)","} else {","  cmd = defaultCommand","}","","var bin = join(__dirname, 'nuxt-' + cmd)","","require(bin)",""],"l":{"3":2,"5":2,"6":2,"14":2,"16":2,"17":0,"19":2,"22":2,"24":2}},"/home/travis/build/npmtest/node-npmtest-nuxt/node_modules/nuxt/bin/nuxt-dev":{"path":"/home/travis/build/npmtest/node-npmtest-nuxt/node_modules/nuxt/bin/nuxt-dev","s":{"1":2,"2":2,"3":2,"4":2,"5":2,"6":2,"7":0,"8":0,"9":0,"10":0,"11":0,"12":0,"13":0,"14":0,"15":0,"16":0,"17":0,"18":0,"19":0,"20":0,"21":0,"22":0,"23":1,"24":0,"25":0,"26":0,"27":0,"28":0,"29":0,"30":0,"31":0,"32":0,"33":0,"34":0,"35":0,"36":0,"37":0,"38":0,"39":0,"40":0,"41":0},"b":{"1":[0,0],"2":[0,0],"3":[0,0],"4":[0,0],"5":[0,0],"6":[0,0]},"f":{"1":0},"fnMap":{"1":{"name":"listenOnConfigChanges","line":37,"loc":{"start":{"line":37,"column":0},"end":{"line":37,"column":46}}}},"statementMap":{"1":{"start":{"line":4,"column":0},"end":{"line":4,"column":28}},"2":{"start":{"line":6,"column":0},"end":{"line":6,"column":25}},"3":{"start":{"line":7,"column":0},"end":{"line":7,"column":42}},"4":{"start":{"line":8,"column":0},"end":{"line":8,"column":15}},"5":{"start":{"line":9,"column":0},"end":{"line":9,"column":22}},"6":{"start":{"line":10,"column":0},"end":{"line":10,"column":25}},"7":{"start":{"line":11,"column":0},"end":{"line":11,"column":34}},"8":{"start":{"line":12,"column":0},"end":{"line":12,"column":37}},"9":{"start":{"line":14,"column":0},"end":{"line":14,"column":54}},"10":{"start":{"line":15,"column":0},"end":{"line":15,"column":55}},"11":{"start":{"line":17,"column":0},"end":{"line":17,"column":16}},"12":{"start":{"line":18,"column":0},"end":{"line":20,"column":1}},"13":{"start":{"line":19,"column":2},"end":{"line":19,"column":35}},"14":{"start":{"line":21,"column":0},"end":{"line":23,"column":1}},"15":{"start":{"line":22,"column":2},"end":{"line":22,"column":27}},"16":{"start":{"line":24,"column":0},"end":{"line":24,"column":18}},"17":{"start":{"line":26,"column":0},"end":{"line":26,"column":28}},"18":{"start":{"line":27,"column":0},"end":{"line":28,"column":131}},"19":{"start":{"line":29,"column":0},"end":{"line":29,"column":35}},"20":{"start":{"line":31,"column":0},"end":{"line":35,"column":2}},"21":{"start":{"line":33,"column":2},"end":{"line":33,"column":20}},"22":{"start":{"line":34,"column":2},"end":{"line":34,"column":17}},"23":{"start":{"line":37,"column":0},"end":{"line":68,"column":1}},"24":{"start":{"line":39,"column":2},"end":{"line":64,"column":9}},"25":{"start":{"line":40,"column":4},"end":{"line":40,"column":37}},"26":{"start":{"line":41,"column":4},"end":{"line":41,"column":40}},"27":{"start":{"line":42,"column":4},"end":{"line":42,"column":20}},"28":{"start":{"line":43,"column":4},"end":{"line":49,"column":5}},"29":{"start":{"line":44,"column":6},"end":{"line":48,"column":7}},"30":{"start":{"line":45,"column":8},"end":{"line":45,"column":41}},"31":{"start":{"line":47,"column":8},"end":{"line":47,"column":31}},"32":{"start":{"line":50,"column":4},"end":{"line":50,"column":29}},"33":{"start":{"line":51,"column":4},"end":{"line":63,"column":6}},"34":{"start":{"line":53,"column":6},"end":{"line":53,"column":26}},"35":{"start":{"line":54,"column":6},"end":{"line":54,"column":36}},"36":{"start":{"line":55,"column":6},"end":{"line":55,"column":38}},"37":{"start":{"line":58,"column":6},"end":{"line":58,"column":24}},"38":{"start":{"line":61,"column":6},"end":{"line":61,"column":58}},"39":{"start":{"line":62,"column":6},"end":{"line":62,"column":21}},"40":{"start":{"line":65,"column":2},"end":{"line":65,"column":57}},"41":{"start":{"line":66,"column":2},"end":{"line":67,"column":19}}},"branchMap":{"1":{"line":14,"type":"binary-expr","locations":[{"start":{"line":14,"column":22},"end":{"line":14,"column":46}},{"start":{"line":14,"column":50},"end":{"line":14,"column":53}}]},"2":{"line":18,"type":"if","locations":[{"start":{"line":18,"column":0},"end":{"line":18,"column":0}},{"start":{"line":18,"column":0},"end":{"line":18,"column":0}}]},"3":{"line":21,"type":"if","locations":[{"start":{"line":21,"column":0},"end":{"line":21,"column":0}},{"start":{"line":21,"column":0},"end":{"line":21,"column":0}}]},"4":{"line":28,"type":"binary-expr","locations":[{"start":{"line":28,"column":8},"end":{"line":28,"column":24}},{"start":{"line":28,"column":28},"end":{"line":28,"column":68}}]},"5":{"line":28,"type":"binary-expr","locations":[{"start":{"line":28,"column":70},"end":{"line":28,"column":86}},{"start":{"line":28,"column":90},"end":{"line":28,"column":130}}]},"6":{"line":43,"type":"if","locations":[{"start":{"line":43,"column":4},"end":{"line":43,"column":4}},{"start":{"line":43,"column":4},"end":{"line":43,"column":4}}]}},"code":["//#!/usr/bin/env node","","// Show logs","process.env.DEBUG = 'nuxt:*'","","var _ = require('lodash')","var debug = require('debug')('nuxt:build')","debug.color = 2 // force green color","var fs = require('fs')","var Nuxt = require('../')","var chokidar = require('chokidar')","var resolve = require('path').resolve","","var rootDir = resolve(process.argv.slice(2)[0] || '.')","var nuxtConfigFile = resolve(rootDir, 'nuxt.config.js')","","var options = {}","if (fs.existsSync(nuxtConfigFile)) {","  options = require(nuxtConfigFile)","}","if (typeof options.rootDir !== 'string') {","  options.rootDir = rootDir","}","options.dev = true // Add hot reloading and watching changes","","var nuxt = new Nuxt(options)","var server = new nuxt.Server(nuxt)",".listen(process.env.PORT || process.env.npm_package_config_nuxt_port, process.env.HOST || process.env.npm_package_config_nuxt_host)","listenOnConfigChanges(nuxt, server)","","nuxt.build()",".catch((err) => {","  console.error(err) // eslint-disable-line no-console","  process.exit(1)","})","","function listenOnConfigChanges (nuxt, server) {","  // Listen on nuxt.config.js changes","  var build = _.debounce(() => {","    debug('[nuxt.config.js] changed')","    delete require.cache[nuxtConfigFile]","    var options = {}","    if (fs.existsSync(nuxtConfigFile)) {","      try {","        options = require(nuxtConfigFile)","      } catch (e) {","        return console.error(e) // eslint-disable-line no-console","      }","    }","    options.rootDir = rootDir","    nuxt.close()","    .then(() => {","      nuxt.renderer = null","      debug('Rebuilding the app...')","      return new Nuxt(options).build()","    })","    .then((nuxt) => {","      server.nuxt = nuxt","    })","    .catch((error) => {","      console.error('Error while rebuild the app:', error) // eslint-disable-line no-console","      process.exit(1)","    })","  }, 200)","  var nuxtConfigFile = resolve(rootDir, 'nuxt.config.js')","  chokidar.watch(nuxtConfigFile, Object.assign({}, nuxt.options.watchers.chokidar, { ignoreInitial: true }))","  .on('all', build)","}",""],"l":{"4":2,"6":2,"7":2,"8":2,"9":2,"10":2,"11":0,"12":0,"14":0,"15":0,"17":0,"18":0,"19":0,"21":0,"22":0,"24":0,"26":0,"27":0,"29":0,"31":0,"33":0,"34":0,"37":1,"39":0,"40":0,"41":0,"42":0,"43":0,"44":0,"45":0,"47":0,"50":0,"51":0,"53":0,"54":0,"55":0,"58":0,"61":0,"62":0,"65":0,"66":0}}}